[ 2017-09-15T15:50:11+08:00 ] 127.0.0.1 /
INFO: [ app_init ] --START--
INFO: Run Behavior\BuildLiteBehavior [ RunTime:0.000000s ]
INFO: [ app_init ] --END-- [ RunTime:0.000000s ]
NOTIC: [8] Use of undefined constant Ture - assumed 'Ture' C:\Users\Administrator\Desktop\juxiaoba\Data\conf\config.php 第 4 行.
INFO: [ app_begin ] --START--
INFO: Run Behavior\ReadHtmlCacheBehavior [ RunTime:0.001000s ]
INFO: [ app_begin ] --END-- [ RunTime:0.001000s ]
SQL: SHOW COLUMNS FROM `jxb_setting` [ RunTime:0.0080s ]
SQL: SELECT * FROM `jxb_setting`  [ RunTime:0.0010s ]
SQL: SHOW COLUMNS FROM `jxb_seo` [ RunTime:0.0090s ]
SQL: SELECT * FROM `jxb_seo`  [ RunTime:0.0010s ]
SQL: SHOW COLUMNS FROM `jxb_adv` [ RunTime:0.0080s ]
SQL: SELECT * FROM `jxb_adv`  [ RunTime:0.0000s ]
SQL: SHOW COLUMNS FROM `jxb_flink` [ RunTime:0.0070s ]
SQL: SELECT * FROM `jxb_flink` WHERE ( status=0 ) ORDER BY ordid asc  [ RunTime:0.0000s ]
SQL: SHOW COLUMNS FROM `jxb_tags` [ RunTime:0.0060s ]
SQL: SELECT * FROM `jxb_tags` ORDER BY sort asc  [ RunTime:0.0000s ]
SQL: SHOW COLUMNS FROM `jxb_level` [ RunTime:0.0060s ]
SQL: SELECT * FROM `jxb_level` ORDER BY level asc  [ RunTime:0.0000s ]
SQL: SHOW COLUMNS FROM `jxb_user` [ RunTime:0.0050s ]
SQL: SELECT * FROM `jxb_user` WHERE ( id=0 ) LIMIT 1   [ RunTime:0.0000s ]
SQL: SHOW COLUMNS FROM `jxb_user_joke` [ RunTime:0.0060s ]
SQL: SELECT * FROM `jxb_user_joke` WHERE ( type = 1 and status = 2 and commend=1 ) ORDER BY rand() LIMIT 0,10   [ RunTime:0.0050s ]
SQL: SELECT * FROM `jxb_user_joke` WHERE ( type = 2 and status = 2 and commend=1 ) ORDER BY rand() LIMIT 0,10   [ RunTime:0.0050s ]
SQL: SELECT * FROM `jxb_user_joke` WHERE ( type = 4 and status = 2 and commend=1 ) ORDER BY rand() LIMIT 0,10   [ RunTime:0.0050s ]
SQL: SELECT * FROM `jxb_user_joke` WHERE ( type = 3 and status = 2 and commend=1 ) ORDER BY rand() LIMIT 0,10   [ RunTime:0.0050s ]
SQL: SELECT * FROM `jxb_user_joke` WHERE ( created_time >= 1505059199 and status=2 )  [ RunTime:0.0010s ]
SQL: SHOW COLUMNS FROM `jxb_user_audit` [ RunTime:0.0050s ]
SQL: SELECT j.id,j.status,a.joke_id,a.user_id FROM `jxb_user_audit` a left join jxb_user_joke j on a.joke_id=j.id  WHERE ( j.status=2 and a.type < 4 and a.created_time >=1505059199 )  [ RunTime:0.0010s ]
SQL: SELECT COUNT(*) AS tp_count FROM `jxb_user_joke` WHERE ( status=2 ) LIMIT 1   [ RunTime:0.0000s ]
SQL: SELECT * FROM `jxb_user_joke` WHERE ( status=2 ) ORDER BY audit_time desc LIMIT 0,10   [ RunTime:0.0000s ]
SQL: SHOW COLUMNS FROM `jxb_user_record` [ RunTime:0.0050s ]
SQL: SELECT * FROM `jxb_user_record` WHERE ( user_id="pmqt3ho6lhkuv3itavambucmf7" and joke_id=2 ) LIMIT 1   [ RunTime:0.0010s ]
SQL: SELECT * FROM `jxb_user_joke` WHERE ( id=2 ) LIMIT 1   [ RunTime:0.0010s ]
SQL: SELECT * FROM `jxb_user` WHERE `id` = 1 LIMIT 1   [ RunTime:0.0000s ]
SQL: SELECT * FROM `jxb_user_record` WHERE ( user_id="pmqt3ho6lhkuv3itavambucmf7" and joke_id=3 ) LIMIT 1   [ RunTime:0.0000s ]
SQL: SELECT * FROM `jxb_user_joke` WHERE ( id=3 ) LIMIT 1   [ RunTime:0.0010s ]
SQL: SELECT * FROM `jxb_user` WHERE `id` = 1 LIMIT 1   [ RunTime:0.0000s ]
SQL: SELECT * FROM `jxb_user_record` WHERE ( user_id="pmqt3ho6lhkuv3itavambucmf7" and joke_id=4 ) LIMIT 1   [ RunTime:0.0000s ]
SQL: SELECT * FROM `jxb_user_joke` WHERE ( id=4 ) LIMIT 1   [ RunTime:0.0010s ]
SQL: SELECT * FROM `jxb_user` WHERE `id` = 1 LIMIT 1   [ RunTime:0.0000s ]
SQL: SELECT * FROM `jxb_user_record` WHERE ( user_id="pmqt3ho6lhkuv3itavambucmf7" and joke_id=5 ) LIMIT 1   [ RunTime:0.0000s ]
SQL: SELECT * FROM `jxb_user_joke` WHERE ( id=5 ) LIMIT 1   [ RunTime:0.0010s ]
SQL: SELECT * FROM `jxb_user` WHERE `id` = 1 LIMIT 1   [ RunTime:0.0000s ]
SQL: SELECT * FROM `jxb_user_record` WHERE ( user_id="pmqt3ho6lhkuv3itavambucmf7" and joke_id=6 ) LIMIT 1   [ RunTime:0.0000s ]
SQL: SELECT * FROM `jxb_user_joke` WHERE ( id=6 ) LIMIT 1   [ RunTime:0.0000s ]
SQL: SELECT * FROM `jxb_user` WHERE `id` = 1 LIMIT 1   [ RunTime:0.0000s ]
SQL: SELECT * FROM `jxb_user_record` WHERE ( user_id="pmqt3ho6lhkuv3itavambucmf7" and joke_id=7 ) LIMIT 1   [ RunTime:0.0000s ]
SQL: SELECT * FROM `jxb_user_joke` WHERE ( id=7 ) LIMIT 1   [ RunTime:0.0000s ]
SQL: SELECT * FROM `jxb_user` WHERE `id` = 1 LIMIT 1   [ RunTime:0.0010s ]
SQL: SELECT * FROM `jxb_user_record` WHERE ( user_id="pmqt3ho6lhkuv3itavambucmf7" and joke_id=1 ) LIMIT 1   [ RunTime:0.0000s ]
SQL: SELECT * FROM `jxb_user_joke` WHERE ( id=1 ) LIMIT 1   [ RunTime:0.0000s ]
SQL: SELECT * FROM `jxb_user` WHERE `id` = 1 LIMIT 1   [ RunTime:0.0000s ]
INFO: [ view_parse ] --START--
INFO: [ template_filter ] --START--
INFO: Run Behavior\ContentReplaceBehavior [ RunTime:0.001000s ]
INFO: [ template_filter ] --END-- [ RunTime:0.001000s ]
NOTIC: [8] Undefined index: site_url C:\Users\Administrator\Desktop\juxiaoba\Runtime\Cache\Home\f3d788599a64eced30d1dd38d7a1af76.php 第 14 行.
NOTIC: [8] Undefined variable: user C:\Users\Administrator\Desktop\juxiaoba\Runtime\Cache\Home\f3d788599a64eced30d1dd38d7a1af76.php 第 73 行.
NOTIC: [8] Use of undefined constant user_info - assumed 'user_info' C:\Users\Administrator\Desktop\juxiaoba\Runtime\Cache\Home\f3d788599a64eced30d1dd38d7a1af76.php 第 134 行.
NOTIC: [8] Array to string conversion C:\Users\Administrator\Desktop\juxiaoba\Runtime\Cache\Home\f3d788599a64eced30d1dd38d7a1af76.php 第 134 行.
NOTIC: [8] Use of undefined constant id - assumed 'id' C:\Users\Administrator\Desktop\juxiaoba\Runtime\Cache\Home\f3d788599a64eced30d1dd38d7a1af76.php 第 134 行.
SQL: SHOW COLUMNS FROM `jxb_user_review` [ RunTime:0.0050s ]
SQL: SELECT COUNT(*) AS tp_count FROM `jxb_user_review` WHERE ( joke_id=2 and status=2 ) LIMIT 1   [ RunTime:0.0000s ]
NOTIC: [8] Use of undefined constant user_info - assumed 'user_info' C:\Users\Administrator\Desktop\juxiaoba\Runtime\Cache\Home\f3d788599a64eced30d1dd38d7a1af76.php 第 134 行.
NOTIC: [8] Array to string conversion C:\Users\Administrator\Desktop\juxiaoba\Runtime\Cache\Home\f3d788599a64eced30d1dd38d7a1af76.php 第 134 行.
NOTIC: [8] Use of undefined constant id - assumed 'id' C:\Users\Administrator\Desktop\juxiaoba\Runtime\Cache\Home\f3d788599a64eced30d1dd38d7a1af76.php 第 134 行.
SQL: SELECT COUNT(*) AS tp_count FROM `jxb_user_review` WHERE ( joke_id=3 and status=2 ) LIMIT 1   [ RunTime:0.0000s ]
NOTIC: [8] Use of undefined constant user_info - assumed 'user_info' C:\Users\Administrator\Desktop\juxiaoba\Runtime\Cache\Home\f3d788599a64eced30d1dd38d7a1af76.php 第 134 行.
NOTIC: [8] Array to string conversion C:\Users\Administrator\Desktop\juxiaoba\Runtime\Cache\Home\f3d788599a64eced30d1dd38d7a1af76.php 第 134 行.
NOTIC: [8] Use of undefined constant id - assumed 'id' C:\Users\Administrator\Desktop\juxiaoba\Runtime\Cache\Home\f3d788599a64eced30d1dd38d7a1af76.php 第 134 行.
SQL: SELECT COUNT(*) AS tp_count FROM `jxb_user_review` WHERE ( joke_id=4 and status=2 ) LIMIT 1   [ RunTime:0.0000s ]
NOTIC: [8] Use of undefined constant user_info - assumed 'user_info' C:\Users\Administrator\Desktop\juxiaoba\Runtime\Cache\Home\f3d788599a64eced30d1dd38d7a1af76.php 第 134 行.
NOTIC: [8] Array to string conversion C:\Users\Administrator\Desktop\juxiaoba\Runtime\Cache\Home\f3d788599a64eced30d1dd38d7a1af76.php 第 134 行.
NOTIC: [8] Use of undefined constant id - assumed 'id' C:\Users\Administrator\Desktop\juxiaoba\Runtime\Cache\Home\f3d788599a64eced30d1dd38d7a1af76.php 第 134 行.
SQL: SELECT COUNT(*) AS tp_count FROM `jxb_user_review` WHERE ( joke_id=5 and status=2 ) LIMIT 1   [ RunTime:0.0000s ]
NOTIC: [8] Use of undefined constant user_info - assumed 'user_info' C:\Users\Administrator\Desktop\juxiaoba\Runtime\Cache\Home\f3d788599a64eced30d1dd38d7a1af76.php 第 134 行.
NOTIC: [8] Array to string conversion C:\Users\Administrator\Desktop\juxiaoba\Runtime\Cache\Home\f3d788599a64eced30d1dd38d7a1af76.php 第 134 行.
NOTIC: [8] Use of undefined constant id - assumed 'id' C:\Users\Administrator\Desktop\juxiaoba\Runtime\Cache\Home\f3d788599a64eced30d1dd38d7a1af76.php 第 134 行.
SQL: SELECT COUNT(*) AS tp_count FROM `jxb_user_review` WHERE ( joke_id=6 and status=2 ) LIMIT 1   [ RunTime:0.0000s ]
NOTIC: [8] Use of undefined constant user_info - assumed 'user_info' C:\Users\Administrator\Desktop\juxiaoba\Runtime\Cache\Home\f3d788599a64eced30d1dd38d7a1af76.php 第 134 行.
NOTIC: [8] Array to string conversion C:\Users\Administrator\Desktop\juxiaoba\Runtime\Cache\Home\f3d788599a64eced30d1dd38d7a1af76.php 第 134 行.
NOTIC: [8] Use of undefined constant id - assumed 'id' C:\Users\Administrator\Desktop\juxiaoba\Runtime\Cache\Home\f3d788599a64eced30d1dd38d7a1af76.php 第 134 行.
SQL: SELECT COUNT(*) AS tp_count FROM `jxb_user_review` WHERE ( joke_id=7 and status=2 ) LIMIT 1   [ RunTime:0.0000s ]
NOTIC: [8] Use of undefined constant user_info - assumed 'user_info' C:\Users\Administrator\Desktop\juxiaoba\Runtime\Cache\Home\f3d788599a64eced30d1dd38d7a1af76.php 第 134 行.
NOTIC: [8] Array to string conversion C:\Users\Administrator\Desktop\juxiaoba\Runtime\Cache\Home\f3d788599a64eced30d1dd38d7a1af76.php 第 134 行.
NOTIC: [8] Use of undefined constant id - assumed 'id' C:\Users\Administrator\Desktop\juxiaoba\Runtime\Cache\Home\f3d788599a64eced30d1dd38d7a1af76.php 第 134 行.
SQL: SELECT COUNT(*) AS tp_count FROM `jxb_user_review` WHERE ( joke_id=1 and status=2 ) LIMIT 1   [ RunTime:0.0010s ]
INFO: Run Behavior\ParseTemplateBehavior [ RunTime:0.030002s ]
INFO: [ view_parse ] --END-- [ RunTime:0.030002s ]
INFO: [ view_filter ] --START--
INFO: Run Behavior\WriteHtmlCacheBehavior [ RunTime:0.000000s ]
INFO: [ view_filter ] --END-- [ RunTime:0.000000s ]
INFO: [ app_end ] --START--
INFO: Run Behavior\ShowPageTraceBehavior [ RunTime:0.001000s ]
INFO: [ app_end ] --END-- [ RunTime:0.001000s ]

[ 2017-09-15T15:55:47+08:00 ] 127.0.0.1 /index.php/home/xiaohua/index?id=2
INFO: [ app_init ] --START--
INFO: Run Behavior\BuildLiteBehavior [ RunTime:0.000000s ]
INFO: [ app_init ] --END-- [ RunTime:0.000000s ]
NOTIC: [8] Use of undefined constant Ture - assumed 'Ture' C:\Users\Administrator\Desktop\juxiaoba\Data\conf\config.php 第 4 行.
INFO: [ app_begin ] --START--
INFO: Run Behavior\ReadHtmlCacheBehavior [ RunTime:0.000000s ]
INFO: [ app_begin ] --END-- [ RunTime:0.001000s ]
SQL: SHOW COLUMNS FROM `jxb_setting` [ RunTime:0.0130s ]
SQL: SELECT * FROM `jxb_setting`  [ RunTime:0.0010s ]
SQL: SHOW COLUMNS FROM `jxb_seo` [ RunTime:0.0110s ]
SQL: SELECT * FROM `jxb_seo`  [ RunTime:0.0000s ]
SQL: SHOW COLUMNS FROM `jxb_adv` [ RunTime:0.0100s ]
SQL: SELECT * FROM `jxb_adv`  [ RunTime:0.0000s ]
SQL: SHOW COLUMNS FROM `jxb_user` [ RunTime:0.0060s ]
SQL: SELECT * FROM `jxb_user` WHERE ( id=0 ) LIMIT 1   [ RunTime:0.0000s ]
SQL: SHOW COLUMNS FROM `jxb_user_joke` [ RunTime:0.0050s ]
SQL: SELECT * FROM `jxb_user_joke` WHERE ( id=2 ) LIMIT 1   [ RunTime:0.0000s ]
SQL: SHOW COLUMNS FROM `jxb_user_record` [ RunTime:0.0060s ]
SQL: SELECT * FROM `jxb_user_record` WHERE ( user_id="pmqt3ho6lhkuv3itavambucmf7" and joke_id=2 ) LIMIT 1   [ RunTime:0.0000s ]
SQL: SELECT * FROM `jxb_user_joke` WHERE ( id=2 ) LIMIT 1   [ RunTime:0.0010s ]
SQL: SELECT * FROM `jxb_user` WHERE ( id=1 ) LIMIT 1   [ RunTime:0.0000s ]
SQL: SHOW COLUMNS FROM `jxb_user_review` [ RunTime:0.0050s ]
SQL: SELECT COUNT(*) AS tp_count FROM `jxb_user_review` WHERE ( joke_id=2 and status=2 ) LIMIT 1   [ RunTime:0.0000s ]
SQL: SELECT * FROM `jxb_user_review` WHERE ( joke_id=2 and status=2 ) ORDER BY id desc LIMIT 0,5   [ RunTime:0.0000s ]
SQL: SELECT COUNT(*) AS tp_count FROM `jxb_user_review` WHERE ( joke_id=2 ) LIMIT 1   [ RunTime:0.0010s ]
SQL: SELECT * FROM `jxb_user_joke` WHERE ( status=2 and id > 2 ) ORDER BY id asc LIMIT 1   [ RunTime:0.0010s ]
SQL: SELECT * FROM `jxb_user_joke` WHERE ( status=2 and id < 2 ) ORDER BY id desc LIMIT 1   [ RunTime:0.0000s ]
SQL: SELECT * FROM `jxb_user_joke` WHERE ( type = 1 and status = 2 and commend=1 ) ORDER BY rand() LIMIT 0,10   [ RunTime:0.0060s ]
SQL: SELECT * FROM `jxb_user_joke` WHERE ( type = 2 and status = 2 and commend=1 ) ORDER BY rand() LIMIT 0,10   [ RunTime:0.0050s ]
SQL: SELECT * FROM `jxb_user_joke` WHERE ( type = 4 and status = 2 and commend=1 ) ORDER BY rand() LIMIT 0,10   [ RunTime:0.0050s ]
SQL: SELECT * FROM `jxb_user_joke` WHERE ( type = 3 and status = 2 and commend=1 ) ORDER BY rand() LIMIT 0,10   [ RunTime:0.0060s ]
SQL: SELECT * FROM `jxb_user_joke` WHERE ( created_time >= 1505059199 and status=2 )  [ RunTime:0.0010s ]
SQL: SHOW COLUMNS FROM `jxb_user_audit` [ RunTime:0.0050s ]
SQL: SELECT j.id,j.status,a.joke_id,a.user_id FROM `jxb_user_audit` a left join jxb_user_joke j on a.joke_id=j.id  WHERE ( j.status=2 and a.type < 4 and a.created_time >=1505059199 )  [ RunTime:0.0000s ]
INFO: [ view_parse ] --START--
NOTIC: [2] file_get_contents(./Application/Home/View/jxb/Public/tags.html): failed to open stream: No such file or directory C:\Users\Administrator\Desktop\juxiaoba\ThinkPHP\Library\Think\Template.class.php 第 696 行.
NOTIC: [2] file_get_contents(./Application/Home/View/jxb/Public/pic.html): failed to open stream: No such file or directory C:\Users\Administrator\Desktop\juxiaoba\ThinkPHP\Library\Think\Template.class.php 第 696 行.
NOTIC: [2] file_get_contents(./Application/Home/View/jxb/Public/text.html): failed to open stream: No such file or directory C:\Users\Administrator\Desktop\juxiaoba\ThinkPHP\Library\Think\Template.class.php 第 696 行.
NOTIC: [2] file_get_contents(./Application/Home/View/jxb/Public/footer.html): failed to open stream: No such file or directory C:\Users\Administrator\Desktop\juxiaoba\ThinkPHP\Library\Think\Template.class.php 第 696 行.
INFO: [ template_filter ] --START--
INFO: Run Behavior\ContentReplaceBehavior [ RunTime:0.000000s ]
INFO: [ template_filter ] --END-- [ RunTime:0.000000s ]
NOTIC: [8] Undefined variable: keywords C:\Users\Administrator\Desktop\juxiaoba\Runtime\Cache\Home\103a9f95e703fde7908be5c3cabe13db.php 第 10 行.
NOTIC: [8] Undefined variable: description C:\Users\Administrator\Desktop\juxiaoba\Runtime\Cache\Home\103a9f95e703fde7908be5c3cabe13db.php 第 11 行.
NOTIC: [8] Undefined index: site_url C:\Users\Administrator\Desktop\juxiaoba\Runtime\Cache\Home\103a9f95e703fde7908be5c3cabe13db.php 第 13 行.
NOTIC: [8] Undefined variable: user C:\Users\Administrator\Desktop\juxiaoba\Runtime\Cache\Home\103a9f95e703fde7908be5c3cabe13db.php 第 72 行.
SQL: SELECT * FROM `jxb_user` WHERE ( username="akira" ) LIMIT 1   [ RunTime:0.0000s ]
SQL: SELECT * FROM `jxb_user` WHERE ( username="akira" ) LIMIT 1   [ RunTime:0.0010s ]
NOTIC: [8] Undefined variable: user C:\Users\Administrator\Desktop\juxiaoba\Runtime\Cache\Home\103a9f95e703fde7908be5c3cabe13db.php 第 109 行.
SQL: SELECT COUNT(*) AS tp_count FROM `jxb_user_review` WHERE ( joke_id=2 and status=2 ) LIMIT 1   [ RunTime:0.0010s ]
SQL: SELECT COUNT(*) AS tp_count FROM `jxb_user_review` WHERE ( joke_id=2 and status=2 ) LIMIT 1   [ RunTime:0.0000s ]
NOTIC: [8] Use of undefined constant review - assumed 'review' C:\Users\Administrator\Desktop\juxiaoba\Runtime\Cache\Home\103a9f95e703fde7908be5c3cabe13db.php 第 183 行.
NOTIC: [8] Undefined variable: Ccount C:\Users\Administrator\Desktop\juxiaoba\Runtime\Cache\Home\103a9f95e703fde7908be5c3cabe13db.php 第 187 行.
INFO: Run Behavior\ParseTemplateBehavior [ RunTime:0.023001s ]
INFO: [ view_parse ] --END-- [ RunTime:0.023001s ]
INFO: [ view_filter ] --START--
INFO: Run Behavior\WriteHtmlCacheBehavior [ RunTime:0.001000s ]
INFO: [ view_filter ] --END-- [ RunTime:0.001000s ]

[ 2017-09-15T15:55:48+08:00 ] 127.0.0.1 /index.php/home/xiaohua/favicon.ico
INFO: [ app_init ] --START--
INFO: Run Behavior\BuildLiteBehavior [ RunTime:0.000000s ]
INFO: [ app_init ] --END-- [ RunTime:0.000000s ]
NOTIC: [8] Use of undefined constant Ture - assumed 'Ture' C:\Users\Administrator\Desktop\juxiaoba\Data\conf\config.php 第 4 行.

[ 2017-09-15T15:55:49+08:00 ] 127.0.0.1 /index.php/home/xiaohua/index?id=2
INFO: [ app_init ] --START--
INFO: Run Behavior\BuildLiteBehavior [ RunTime:0.000000s ]
INFO: [ app_init ] --END-- [ RunTime:0.001000s ]
NOTIC: [8] Use of undefined constant Ture - assumed 'Ture' C:\Users\Administrator\Desktop\juxiaoba\Data\conf\config.php 第 4 行.
INFO: [ app_begin ] --START--
INFO: Run Behavior\ReadHtmlCacheBehavior [ RunTime:0.000000s ]
INFO: [ app_begin ] --END-- [ RunTime:0.000000s ]
SQL: SHOW COLUMNS FROM `jxb_setting` [ RunTime:0.0120s ]
SQL: SELECT * FROM `jxb_setting`  [ RunTime:0.0010s ]
SQL: SHOW COLUMNS FROM `jxb_seo` [ RunTime:0.0110s ]
SQL: SELECT * FROM `jxb_seo`  [ RunTime:0.0010s ]
SQL: SHOW COLUMNS FROM `jxb_adv` [ RunTime:0.0060s ]
SQL: SELECT * FROM `jxb_adv`  [ RunTime:0.0000s ]
SQL: SHOW COLUMNS FROM `jxb_user` [ RunTime:0.0060s ]
SQL: SELECT * FROM `jxb_user` WHERE ( id=0 ) LIMIT 1   [ RunTime:0.0010s ]
SQL: SHOW COLUMNS FROM `jxb_user_joke` [ RunTime:0.0060s ]
SQL: SELECT * FROM `jxb_user_joke` WHERE ( id=2 ) LIMIT 1   [ RunTime:0.0000s ]
SQL: SHOW COLUMNS FROM `jxb_user_record` [ RunTime:0.0050s ]
SQL: SELECT * FROM `jxb_user_record` WHERE ( user_id="pmqt3ho6lhkuv3itavambucmf7" and joke_id=2 ) LIMIT 1   [ RunTime:0.0000s ]
SQL: SELECT * FROM `jxb_user_joke` WHERE ( id=2 ) LIMIT 1   [ RunTime:0.0010s ]
SQL: SELECT * FROM `jxb_user` WHERE ( id=1 ) LIMIT 1   [ RunTime:0.0000s ]
SQL: SHOW COLUMNS FROM `jxb_user_review` [ RunTime:0.0040s ]
SQL: SELECT COUNT(*) AS tp_count FROM `jxb_user_review` WHERE ( joke_id=2 and status=2 ) LIMIT 1   [ RunTime:0.0000s ]
SQL: SELECT * FROM `jxb_user_review` WHERE ( joke_id=2 and status=2 ) ORDER BY id desc LIMIT 0,5   [ RunTime:0.0000s ]
SQL: SELECT COUNT(*) AS tp_count FROM `jxb_user_review` WHERE ( joke_id=2 ) LIMIT 1   [ RunTime:0.0000s ]
SQL: SELECT * FROM `jxb_user_joke` WHERE ( status=2 and id > 2 ) ORDER BY id asc LIMIT 1   [ RunTime:0.0010s ]
SQL: SELECT * FROM `jxb_user_joke` WHERE ( status=2 and id < 2 ) ORDER BY id desc LIMIT 1   [ RunTime:0.0000s ]
SQL: SELECT * FROM `jxb_user_joke` WHERE ( type = 1 and status = 2 and commend=1 ) ORDER BY rand() LIMIT 0,10   [ RunTime:0.0050s ]
SQL: SELECT * FROM `jxb_user_joke` WHERE ( type = 2 and status = 2 and commend=1 ) ORDER BY rand() LIMIT 0,10   [ RunTime:0.0060s ]
SQL: SELECT * FROM `jxb_user_joke` WHERE ( type = 4 and status = 2 and commend=1 ) ORDER BY rand() LIMIT 0,10   [ RunTime:0.0050s ]
SQL: SELECT * FROM `jxb_user_joke` WHERE ( type = 3 and status = 2 and commend=1 ) ORDER BY rand() LIMIT 0,10   [ RunTime:0.0050s ]
SQL: SELECT * FROM `jxb_user_joke` WHERE ( created_time >= 1505059199 and status=2 )  [ RunTime:0.0000s ]
SQL: SHOW COLUMNS FROM `jxb_user_audit` [ RunTime:0.0050s ]
SQL: SELECT j.id,j.status,a.joke_id,a.user_id FROM `jxb_user_audit` a left join jxb_user_joke j on a.joke_id=j.id  WHERE ( j.status=2 and a.type < 4 and a.created_time >=1505059199 )  [ RunTime:0.0000s ]
INFO: [ view_parse ] --START--
NOTIC: [2] file_get_contents(./Application/Home/View/jxb/Public/tags.html): failed to open stream: No such file or directory C:\Users\Administrator\Desktop\juxiaoba\ThinkPHP\Library\Think\Template.class.php 第 696 行.
NOTIC: [2] file_get_contents(./Application/Home/View/jxb/Public/pic.html): failed to open stream: No such file or directory C:\Users\Administrator\Desktop\juxiaoba\ThinkPHP\Library\Think\Template.class.php 第 696 行.
NOTIC: [2] file_get_contents(./Application/Home/View/jxb/Public/text.html): failed to open stream: No such file or directory C:\Users\Administrator\Desktop\juxiaoba\ThinkPHP\Library\Think\Template.class.php 第 696 行.
NOTIC: [2] file_get_contents(./Application/Home/View/jxb/Public/footer.html): failed to open stream: No such file or directory C:\Users\Administrator\Desktop\juxiaoba\ThinkPHP\Library\Think\Template.class.php 第 696 行.
INFO: [ template_filter ] --START--
INFO: Run Behavior\ContentReplaceBehavior [ RunTime:0.001000s ]
INFO: [ template_filter ] --END-- [ RunTime:0.001000s ]
NOTIC: [8] Undefined variable: keywords C:\Users\Administrator\Desktop\juxiaoba\Runtime\Cache\Home\103a9f95e703fde7908be5c3cabe13db.php 第 10 行.
NOTIC: [8] Undefined variable: description C:\Users\Administrator\Desktop\juxiaoba\Runtime\Cache\Home\103a9f95e703fde7908be5c3cabe13db.php 第 11 行.
NOTIC: [8] Undefined index: site_url C:\Users\Administrator\Desktop\juxiaoba\Runtime\Cache\Home\103a9f95e703fde7908be5c3cabe13db.php 第 13 行.
NOTIC: [8] Undefined variable: user C:\Users\Administrator\Desktop\juxiaoba\Runtime\Cache\Home\103a9f95e703fde7908be5c3cabe13db.php 第 72 行.
SQL: SELECT * FROM `jxb_user` WHERE ( username="akira" ) LIMIT 1   [ RunTime:0.0010s ]
SQL: SELECT * FROM `jxb_user` WHERE ( username="akira" ) LIMIT 1   [ RunTime:0.0000s ]
NOTIC: [8] Undefined variable: user C:\Users\Administrator\Desktop\juxiaoba\Runtime\Cache\Home\103a9f95e703fde7908be5c3cabe13db.php 第 109 行.
SQL: SELECT COUNT(*) AS tp_count FROM `jxb_user_review` WHERE ( joke_id=2 and status=2 ) LIMIT 1   [ RunTime:0.0000s ]
SQL: SELECT COUNT(*) AS tp_count FROM `jxb_user_review` WHERE ( joke_id=2 and status=2 ) LIMIT 1   [ RunTime:0.0010s ]
NOTIC: [8] Use of undefined constant review - assumed 'review' C:\Users\Administrator\Desktop\juxiaoba\Runtime\Cache\Home\103a9f95e703fde7908be5c3cabe13db.php 第 183 行.
NOTIC: [8] Undefined variable: Ccount C:\Users\Administrator\Desktop\juxiaoba\Runtime\Cache\Home\103a9f95e703fde7908be5c3cabe13db.php 第 187 行.
INFO: Run Behavior\ParseTemplateBehavior [ RunTime:0.020001s ]
INFO: [ view_parse ] --END-- [ RunTime:0.020001s ]
INFO: [ view_filter ] --START--
INFO: Run Behavior\WriteHtmlCacheBehavior [ RunTime:0.001000s ]
INFO: [ view_filter ] --END-- [ RunTime:0.001000s ]

[ 2017-09-15T15:58:08+08:00 ] 127.0.0.1 /
INFO: [ app_init ] --START--
INFO: Run Behavior\BuildLiteBehavior [ RunTime:0.000000s ]
INFO: [ app_init ] --END-- [ RunTime:0.001000s ]
NOTIC: [8] Use of undefined constant Ture - assumed 'Ture' C:\Users\Administrator\Desktop\juxiaoba\Data\conf\config.php 第 4 行.
INFO: [ app_begin ] --START--
INFO: Run Behavior\ReadHtmlCacheBehavior [ RunTime:0.002000s ]
INFO: [ app_begin ] --END-- [ RunTime:0.002000s ]
SQL: SHOW COLUMNS FROM `jxb_setting` [ RunTime:0.0060s ]
SQL: SELECT * FROM `jxb_setting`  [ RunTime:0.0000s ]
SQL: SHOW COLUMNS FROM `jxb_seo` [ RunTime:0.0050s ]
SQL: SELECT * FROM `jxb_seo`  [ RunTime:0.0010s ]
SQL: SHOW COLUMNS FROM `jxb_adv` [ RunTime:0.0050s ]
SQL: SELECT * FROM `jxb_adv`  [ RunTime:0.0000s ]
SQL: SHOW COLUMNS FROM `jxb_user` [ RunTime:0.0050s ]
SQL: SELECT * FROM `jxb_user` WHERE ( id=0 ) LIMIT 1   [ RunTime:0.0000s ]
SQL: SHOW COLUMNS FROM `jxb_user_joke` [ RunTime:0.0050s ]
SQL: SELECT * FROM `jxb_user_joke` WHERE ( type = 1 and status = 2 and commend=1 ) ORDER BY rand() LIMIT 0,10   [ RunTime:0.0040s ]
SQL: SELECT * FROM `jxb_user_joke` WHERE ( type = 2 and status = 2 and commend=1 ) ORDER BY rand() LIMIT 0,10   [ RunTime:0.0050s ]
SQL: SELECT * FROM `jxb_user_joke` WHERE ( type = 4 and status = 2 and commend=1 ) ORDER BY rand() LIMIT 0,10   [ RunTime:0.0050s ]
SQL: SELECT * FROM `jxb_user_joke` WHERE ( type = 3 and status = 2 and commend=1 ) ORDER BY rand() LIMIT 0,10   [ RunTime:0.0040s ]
SQL: SELECT * FROM `jxb_user_joke` WHERE ( created_time >= 1505059199 and status=2 )  [ RunTime:0.0000s ]
SQL: SHOW COLUMNS FROM `jxb_user_audit` [ RunTime:0.0040s ]
SQL: SELECT j.id,j.status,a.joke_id,a.user_id FROM `jxb_user_audit` a left join jxb_user_joke j on a.joke_id=j.id  WHERE ( j.status=2 and a.type < 4 and a.created_time >=1505059199 )  [ RunTime:0.0010s ]
SQL: SELECT COUNT(*) AS tp_count FROM `jxb_user_joke` WHERE ( status=2 ) LIMIT 1   [ RunTime:0.0000s ]
SQL: SELECT * FROM `jxb_user_joke` WHERE ( status=2 ) ORDER BY audit_time desc LIMIT 0,10   [ RunTime:0.0000s ]
SQL: SHOW COLUMNS FROM `jxb_user_record` [ RunTime:0.0040s ]
SQL: SELECT * FROM `jxb_user_record` WHERE ( user_id="pmqt3ho6lhkuv3itavambucmf7" and joke_id=2 ) LIMIT 1   [ RunTime:0.0010s ]
SQL: SELECT * FROM `jxb_user_joke` WHERE ( id=2 ) LIMIT 1   [ RunTime:0.0000s ]
SQL: SELECT * FROM `jxb_user` WHERE `id` = 1 LIMIT 1   [ RunTime:0.0000s ]
SQL: SELECT * FROM `jxb_user_record` WHERE ( user_id="pmqt3ho6lhkuv3itavambucmf7" and joke_id=3 ) LIMIT 1   [ RunTime:0.0010s ]
SQL: SELECT * FROM `jxb_user_joke` WHERE ( id=3 ) LIMIT 1   [ RunTime:0.0000s ]
SQL: SELECT * FROM `jxb_user` WHERE `id` = 1 LIMIT 1   [ RunTime:0.0000s ]
SQL: SELECT * FROM `jxb_user_record` WHERE ( user_id="pmqt3ho6lhkuv3itavambucmf7" and joke_id=4 ) LIMIT 1   [ RunTime:0.0010s ]
SQL: SELECT * FROM `jxb_user_joke` WHERE ( id=4 ) LIMIT 1   [ RunTime:0.0000s ]
SQL: SELECT * FROM `jxb_user` WHERE `id` = 1 LIMIT 1   [ RunTime:0.0000s ]
SQL: SELECT * FROM `jxb_user_record` WHERE ( user_id="pmqt3ho6lhkuv3itavambucmf7" and joke_id=5 ) LIMIT 1   [ RunTime:0.0000s ]
SQL: SELECT * FROM `jxb_user_joke` WHERE ( id=5 ) LIMIT 1   [ RunTime:0.0000s ]
SQL: SELECT * FROM `jxb_user` WHERE `id` = 1 LIMIT 1   [ RunTime:0.0000s ]
SQL: SELECT * FROM `jxb_user_record` WHERE ( user_id="pmqt3ho6lhkuv3itavambucmf7" and joke_id=6 ) LIMIT 1   [ RunTime:0.0000s ]
SQL: SELECT * FROM `jxb_user_joke` WHERE ( id=6 ) LIMIT 1   [ RunTime:0.0010s ]
SQL: SELECT * FROM `jxb_user` WHERE `id` = 1 LIMIT 1   [ RunTime:0.0000s ]
SQL: SELECT * FROM `jxb_user_record` WHERE ( user_id="pmqt3ho6lhkuv3itavambucmf7" and joke_id=7 ) LIMIT 1   [ RunTime:0.0000s ]
SQL: SELECT * FROM `jxb_user_joke` WHERE ( id=7 ) LIMIT 1   [ RunTime:0.0010s ]
SQL: SELECT * FROM `jxb_user` WHERE `id` = 1 LIMIT 1   [ RunTime:0.0000s ]
SQL: SELECT * FROM `jxb_user_record` WHERE ( user_id="pmqt3ho6lhkuv3itavambucmf7" and joke_id=1 ) LIMIT 1   [ RunTime:0.0000s ]
SQL: SELECT * FROM `jxb_user_joke` WHERE ( id=1 ) LIMIT 1   [ RunTime:0.0000s ]
SQL: SELECT * FROM `jxb_user` WHERE `id` = 1 LIMIT 1   [ RunTime:0.0000s ]
INFO: [ view_parse ] --START--
INFO: [ template_filter ] --START--
INFO: Run Behavior\ContentReplaceBehavior [ RunTime:0.001000s ]
INFO: [ template_filter ] --END-- [ RunTime:0.001000s ]
NOTIC: [8] Undefined index: site_url C:\Users\Administrator\Desktop\juxiaoba\Runtime\Cache\Home\f3d788599a64eced30d1dd38d7a1af76.php 第 14 行.
NOTIC: [8] Undefined variable: user C:\Users\Administrator\Desktop\juxiaoba\Runtime\Cache\Home\f3d788599a64eced30d1dd38d7a1af76.php 第 73 行.
NOTIC: [8] Use of undefined constant user_info - assumed 'user_info' C:\Users\Administrator\Desktop\juxiaoba\Runtime\Cache\Home\f3d788599a64eced30d1dd38d7a1af76.php 第 134 行.
NOTIC: [8] Array to string conversion C:\Users\Administrator\Desktop\juxiaoba\Runtime\Cache\Home\f3d788599a64eced30d1dd38d7a1af76.php 第 134 行.
NOTIC: [8] Use of undefined constant id - assumed 'id' C:\Users\Administrator\Desktop\juxiaoba\Runtime\Cache\Home\f3d788599a64eced30d1dd38d7a1af76.php 第 134 行.
SQL: SHOW COLUMNS FROM `jxb_user_review` [ RunTime:0.0060s ]
SQL: SELECT COUNT(*) AS tp_count FROM `jxb_user_review` WHERE ( joke_id=2 and status=2 ) LIMIT 1   [ RunTime:0.0000s ]
NOTIC: [8] Use of undefined constant user_info - assumed 'user_info' C:\Users\Administrator\Desktop\juxiaoba\Runtime\Cache\Home\f3d788599a64eced30d1dd38d7a1af76.php 第 134 行.
NOTIC: [8] Array to string conversion C:\Users\Administrator\Desktop\juxiaoba\Runtime\Cache\Home\f3d788599a64eced30d1dd38d7a1af76.php 第 134 行.
NOTIC: [8] Use of undefined constant id - assumed 'id' C:\Users\Administrator\Desktop\juxiaoba\Runtime\Cache\Home\f3d788599a64eced30d1dd38d7a1af76.php 第 134 行.
SQL: SELECT COUNT(*) AS tp_count FROM `jxb_user_review` WHERE ( joke_id=3 and status=2 ) LIMIT 1   [ RunTime:0.0000s ]
NOTIC: [8] Use of undefined constant user_info - assumed 'user_info' C:\Users\Administrator\Desktop\juxiaoba\Runtime\Cache\Home\f3d788599a64eced30d1dd38d7a1af76.php 第 134 行.
NOTIC: [8] Array to string conversion C:\Users\Administrator\Desktop\juxiaoba\Runtime\Cache\Home\f3d788599a64eced30d1dd38d7a1af76.php 第 134 行.
NOTIC: [8] Use of undefined constant id - assumed 'id' C:\Users\Administrator\Desktop\juxiaoba\Runtime\Cache\Home\f3d788599a64eced30d1dd38d7a1af76.php 第 134 行.
SQL: SELECT COUNT(*) AS tp_count FROM `jxb_user_review` WHERE ( joke_id=4 and status=2 ) LIMIT 1   [ RunTime:0.0000s ]
NOTIC: [8] Use of undefined constant user_info - assumed 'user_info' C:\Users\Administrator\Desktop\juxiaoba\Runtime\Cache\Home\f3d788599a64eced30d1dd38d7a1af76.php 第 134 行.
NOTIC: [8] Array to string conversion C:\Users\Administrator\Desktop\juxiaoba\Runtime\Cache\Home\f3d788599a64eced30d1dd38d7a1af76.php 第 134 行.
NOTIC: [8] Use of undefined constant id - assumed 'id' C:\Users\Administrator\Desktop\juxiaoba\Runtime\Cache\Home\f3d788599a64eced30d1dd38d7a1af76.php 第 134 行.
SQL: SELECT COUNT(*) AS tp_count FROM `jxb_user_review` WHERE ( joke_id=5 and status=2 ) LIMIT 1   [ RunTime:0.0000s ]
NOTIC: [8] Use of undefined constant user_info - assumed 'user_info' C:\Users\Administrator\Desktop\juxiaoba\Runtime\Cache\Home\f3d788599a64eced30d1dd38d7a1af76.php 第 134 行.
NOTIC: [8] Array to string conversion C:\Users\Administrator\Desktop\juxiaoba\Runtime\Cache\Home\f3d788599a64eced30d1dd38d7a1af76.php 第 134 行.
NOTIC: [8] Use of undefined constant id - assumed 'id' C:\Users\Administrator\Desktop\juxiaoba\Runtime\Cache\Home\f3d788599a64eced30d1dd38d7a1af76.php 第 134 行.
SQL: SELECT COUNT(*) AS tp_count FROM `jxb_user_review` WHERE ( joke_id=6 and status=2 ) LIMIT 1   [ RunTime:0.0000s ]
NOTIC: [8] Use of undefined constant user_info - assumed 'user_info' C:\Users\Administrator\Desktop\juxiaoba\Runtime\Cache\Home\f3d788599a64eced30d1dd38d7a1af76.php 第 134 行.
NOTIC: [8] Array to string conversion C:\Users\Administrator\Desktop\juxiaoba\Runtime\Cache\Home\f3d788599a64eced30d1dd38d7a1af76.php 第 134 行.
NOTIC: [8] Use of undefined constant id - assumed 'id' C:\Users\Administrator\Desktop\juxiaoba\Runtime\Cache\Home\f3d788599a64eced30d1dd38d7a1af76.php 第 134 行.
SQL: SELECT COUNT(*) AS tp_count FROM `jxb_user_review` WHERE ( joke_id=7 and status=2 ) LIMIT 1   [ RunTime:0.0000s ]
NOTIC: [8] Use of undefined constant user_info - assumed 'user_info' C:\Users\Administrator\Desktop\juxiaoba\Runtime\Cache\Home\f3d788599a64eced30d1dd38d7a1af76.php 第 134 行.
NOTIC: [8] Array to string conversion C:\Users\Administrator\Desktop\juxiaoba\Runtime\Cache\Home\f3d788599a64eced30d1dd38d7a1af76.php 第 134 行.
NOTIC: [8] Use of undefined constant id - assumed 'id' C:\Users\Administrator\Desktop\juxiaoba\Runtime\Cache\Home\f3d788599a64eced30d1dd38d7a1af76.php 第 134 行.
SQL: SELECT COUNT(*) AS tp_count FROM `jxb_user_review` WHERE ( joke_id=1 and status=2 ) LIMIT 1   [ RunTime:0.0000s ]
INFO: Run Behavior\ParseTemplateBehavior [ RunTime:0.029001s ]
INFO: [ view_parse ] --END-- [ RunTime:0.029001s ]
INFO: [ view_filter ] --START--
INFO: Run Behavior\WriteHtmlCacheBehavior [ RunTime:0.000000s ]
INFO: [ view_filter ] --END-- [ RunTime:0.000000s ]
INFO: [ app_end ] --START--
INFO: Run Behavior\ShowPageTraceBehavior [ RunTime:0.001000s ]
INFO: [ app_end ] --END-- [ RunTime:0.001000s ]

[ 2017-09-15T15:58:11+08:00 ] 127.0.0.1 /index.php/home/xiaohua/index?id=2
INFO: [ app_init ] --START--
INFO: Run Behavior\BuildLiteBehavior [ RunTime:0.000000s ]
INFO: [ app_init ] --END-- [ RunTime:0.000000s ]
NOTIC: [8] Use of undefined constant Ture - assumed 'Ture' C:\Users\Administrator\Desktop\juxiaoba\Data\conf\config.php 第 4 行.
INFO: [ app_begin ] --START--
INFO: Run Behavior\ReadHtmlCacheBehavior [ RunTime:0.001000s ]
INFO: [ app_begin ] --END-- [ RunTime:0.001000s ]
SQL: SHOW COLUMNS FROM `jxb_setting` [ RunTime:0.0110s ]
SQL: SELECT * FROM `jxb_setting`  [ RunTime:0.0010s ]
SQL: SHOW COLUMNS FROM `jxb_seo` [ RunTime:0.0110s ]
SQL: SELECT * FROM `jxb_seo`  [ RunTime:0.0010s ]
SQL: SHOW COLUMNS FROM `jxb_adv` [ RunTime:0.0090s ]
SQL: SELECT * FROM `jxb_adv`  [ RunTime:0.0000s ]
SQL: SHOW COLUMNS FROM `jxb_user` [ RunTime:0.0050s ]
SQL: SELECT * FROM `jxb_user` WHERE ( id=0 ) LIMIT 1   [ RunTime:0.0010s ]
SQL: SHOW COLUMNS FROM `jxb_user_joke` [ RunTime:0.0060s ]
SQL: SELECT * FROM `jxb_user_joke` WHERE ( id=2 ) LIMIT 1   [ RunTime:0.0000s ]
SQL: SHOW COLUMNS FROM `jxb_user_record` [ RunTime:0.0040s ]
SQL: SELECT * FROM `jxb_user_record` WHERE ( user_id="pmqt3ho6lhkuv3itavambucmf7" and joke_id=2 ) LIMIT 1   [ RunTime:0.0000s ]
SQL: SELECT * FROM `jxb_user_joke` WHERE ( id=2 ) LIMIT 1   [ RunTime:0.0000s ]
SQL: SELECT * FROM `jxb_user` WHERE ( id=1 ) LIMIT 1   [ RunTime:0.0010s ]
SQL: SHOW COLUMNS FROM `jxb_user_review` [ RunTime:0.0040s ]
SQL: SELECT COUNT(*) AS tp_count FROM `jxb_user_review` WHERE ( joke_id=2 and status=2 ) LIMIT 1   [ RunTime:0.0000s ]
SQL: SELECT * FROM `jxb_user_review` WHERE ( joke_id=2 and status=2 ) ORDER BY id desc LIMIT 0,5   [ RunTime:0.0000s ]
SQL: SELECT COUNT(*) AS tp_count FROM `jxb_user_review` WHERE ( joke_id=2 ) LIMIT 1   [ RunTime:0.0010s ]
SQL: SELECT * FROM `jxb_user_joke` WHERE ( status=2 and id > 2 ) ORDER BY id asc LIMIT 1   [ RunTime:0.0000s ]
SQL: SELECT * FROM `jxb_user_joke` WHERE ( status=2 and id < 2 ) ORDER BY id desc LIMIT 1   [ RunTime:0.0000s ]
SQL: SELECT * FROM `jxb_user_joke` WHERE ( type = 1 and status = 2 and commend=1 ) ORDER BY rand() LIMIT 0,10   [ RunTime:0.0040s ]
SQL: SELECT * FROM `jxb_user_joke` WHERE ( type = 2 and status = 2 and commend=1 ) ORDER BY rand() LIMIT 0,10   [ RunTime:0.0040s ]
SQL: SELECT * FROM `jxb_user_joke` WHERE ( type = 4 and status = 2 and commend=1 ) ORDER BY rand() LIMIT 0,10   [ RunTime:0.0040s ]
SQL: SELECT * FROM `jxb_user_joke` WHERE ( type = 3 and status = 2 and commend=1 ) ORDER BY rand() LIMIT 0,10   [ RunTime:0.0040s ]
SQL: SELECT * FROM `jxb_user_joke` WHERE ( created_time >= 1505059199 and status=2 )  [ RunTime:0.0000s ]
SQL: SHOW COLUMNS FROM `jxb_user_audit` [ RunTime:0.0050s ]
SQL: SELECT j.id,j.status,a.joke_id,a.user_id FROM `jxb_user_audit` a left join jxb_user_joke j on a.joke_id=j.id  WHERE ( j.status=2 and a.type < 4 and a.created_time >=1505059199 )  [ RunTime:0.0000s ]
INFO: [ view_parse ] --START--
NOTIC: [2] file_get_contents(./Application/Home/View/jxb/Public/tags.html): failed to open stream: No such file or directory C:\Users\Administrator\Desktop\juxiaoba\ThinkPHP\Library\Think\Template.class.php 第 696 行.
NOTIC: [2] file_get_contents(./Application/Home/View/jxb/Public/pic.html): failed to open stream: No such file or directory C:\Users\Administrator\Desktop\juxiaoba\ThinkPHP\Library\Think\Template.class.php 第 696 行.
NOTIC: [2] file_get_contents(./Application/Home/View/jxb/Public/text.html): failed to open stream: No such file or directory C:\Users\Administrator\Desktop\juxiaoba\ThinkPHP\Library\Think\Template.class.php 第 696 行.
NOTIC: [2] file_get_contents(./Application/Home/View/jxb/Public/footer.html): failed to open stream: No such file or directory C:\Users\Administrator\Desktop\juxiaoba\ThinkPHP\Library\Think\Template.class.php 第 696 行.
INFO: [ template_filter ] --START--
INFO: Run Behavior\ContentReplaceBehavior [ RunTime:0.000000s ]
INFO: [ template_filter ] --END-- [ RunTime:0.000000s ]
NOTIC: [8] Undefined variable: keywords C:\Users\Administrator\Desktop\juxiaoba\Runtime\Cache\Home\103a9f95e703fde7908be5c3cabe13db.php 第 10 行.
NOTIC: [8] Undefined variable: description C:\Users\Administrator\Desktop\juxiaoba\Runtime\Cache\Home\103a9f95e703fde7908be5c3cabe13db.php 第 11 行.
NOTIC: [8] Undefined index: site_url C:\Users\Administrator\Desktop\juxiaoba\Runtime\Cache\Home\103a9f95e703fde7908be5c3cabe13db.php 第 13 行.
NOTIC: [8] Undefined variable: user C:\Users\Administrator\Desktop\juxiaoba\Runtime\Cache\Home\103a9f95e703fde7908be5c3cabe13db.php 第 72 行.
SQL: SELECT * FROM `jxb_user` WHERE ( username="akira" ) LIMIT 1   [ RunTime:0.0010s ]
SQL: SELECT * FROM `jxb_user` WHERE ( username="akira" ) LIMIT 1   [ RunTime:0.0000s ]
NOTIC: [8] Undefined variable: user C:\Users\Administrator\Desktop\juxiaoba\Runtime\Cache\Home\103a9f95e703fde7908be5c3cabe13db.php 第 109 行.
SQL: SELECT COUNT(*) AS tp_count FROM `jxb_user_review` WHERE ( joke_id=2 and status=2 ) LIMIT 1   [ RunTime:0.0000s ]
SQL: SELECT COUNT(*) AS tp_count FROM `jxb_user_review` WHERE ( joke_id=2 and status=2 ) LIMIT 1   [ RunTime:0.0000s ]
NOTIC: [8] Use of undefined constant review - assumed 'review' C:\Users\Administrator\Desktop\juxiaoba\Runtime\Cache\Home\103a9f95e703fde7908be5c3cabe13db.php 第 183 行.
NOTIC: [8] Undefined variable: Ccount C:\Users\Administrator\Desktop\juxiaoba\Runtime\Cache\Home\103a9f95e703fde7908be5c3cabe13db.php 第 187 行.
INFO: Run Behavior\ParseTemplateBehavior [ RunTime:0.019001s ]
INFO: [ view_parse ] --END-- [ RunTime:0.019001s ]
INFO: [ view_filter ] --START--
INFO: Run Behavior\WriteHtmlCacheBehavior [ RunTime:0.000000s ]
INFO: [ view_filter ] --END-- [ RunTime:0.000000s ]

[ 2017-09-15T15:58:12+08:00 ] 127.0.0.1 /index.php/home/xiaohua/index?id=2
INFO: [ app_init ] --START--
INFO: Run Behavior\BuildLiteBehavior [ RunTime:0.000000s ]
INFO: [ app_init ] --END-- [ RunTime:0.000000s ]
NOTIC: [8] Use of undefined constant Ture - assumed 'Ture' C:\Users\Administrator\Desktop\juxiaoba\Data\conf\config.php 第 4 行.
INFO: [ app_begin ] --START--
INFO: Run Behavior\ReadHtmlCacheBehavior [ RunTime:0.001000s ]
INFO: [ app_begin ] --END-- [ RunTime:0.001000s ]
SQL: SHOW COLUMNS FROM `jxb_setting` [ RunTime:0.0110s ]
SQL: SELECT * FROM `jxb_setting`  [ RunTime:0.0010s ]
SQL: SHOW COLUMNS FROM `jxb_seo` [ RunTime:0.0100s ]
SQL: SELECT * FROM `jxb_seo`  [ RunTime:0.0010s ]
SQL: SHOW COLUMNS FROM `jxb_adv` [ RunTime:0.0120s ]
SQL: SELECT * FROM `jxb_adv`  [ RunTime:0.0000s ]
SQL: SHOW COLUMNS FROM `jxb_user` [ RunTime:0.0050s ]
SQL: SELECT * FROM `jxb_user` WHERE ( id=0 ) LIMIT 1   [ RunTime:0.0000s ]
SQL: SHOW COLUMNS FROM `jxb_user_joke` [ RunTime:0.0060s ]
SQL: SELECT * FROM `jxb_user_joke` WHERE ( id=2 ) LIMIT 1   [ RunTime:0.0010s ]
SQL: SHOW COLUMNS FROM `jxb_user_record` [ RunTime:0.0070s ]
SQL: SELECT * FROM `jxb_user_record` WHERE ( user_id="pmqt3ho6lhkuv3itavambucmf7" and joke_id=2 ) LIMIT 1   [ RunTime:0.0000s ]
SQL: SELECT * FROM `jxb_user_joke` WHERE ( id=2 ) LIMIT 1   [ RunTime:0.0000s ]
SQL: SELECT * FROM `jxb_user` WHERE ( id=1 ) LIMIT 1   [ RunTime:0.0000s ]
SQL: SHOW COLUMNS FROM `jxb_user_review` [ RunTime:0.0060s ]
SQL: SELECT COUNT(*) AS tp_count FROM `jxb_user_review` WHERE ( joke_id=2 and status=2 ) LIMIT 1   [ RunTime:0.0000s ]
SQL: SELECT * FROM `jxb_user_review` WHERE ( joke_id=2 and status=2 ) ORDER BY id desc LIMIT 0,5   [ RunTime:0.0000s ]
SQL: SELECT COUNT(*) AS tp_count FROM `jxb_user_review` WHERE ( joke_id=2 ) LIMIT 1   [ RunTime:0.0010s ]
SQL: SELECT * FROM `jxb_user_joke` WHERE ( status=2 and id > 2 ) ORDER BY id asc LIMIT 1   [ RunTime:0.0000s ]
SQL: SELECT * FROM `jxb_user_joke` WHERE ( status=2 and id < 2 ) ORDER BY id desc LIMIT 1   [ RunTime:0.0000s ]
SQL: SELECT * FROM `jxb_user_joke` WHERE ( type = 1 and status = 2 and commend=1 ) ORDER BY rand() LIMIT 0,10   [ RunTime:0.0050s ]
SQL: SELECT * FROM `jxb_user_joke` WHERE ( type = 2 and status = 2 and commend=1 ) ORDER BY rand() LIMIT 0,10   [ RunTime:0.0050s ]
SQL: SELECT * FROM `jxb_user_joke` WHERE ( type = 4 and status = 2 and commend=1 ) ORDER BY rand() LIMIT 0,10   [ RunTime:0.0050s ]
SQL: SELECT * FROM `jxb_user_joke` WHERE ( type = 3 and status = 2 and commend=1 ) ORDER BY rand() LIMIT 0,10   [ RunTime:0.0050s ]
SQL: SELECT * FROM `jxb_user_joke` WHERE ( created_time >= 1505059199 and status=2 )  [ RunTime:0.0010s ]
SQL: SHOW COLUMNS FROM `jxb_user_audit` [ RunTime:0.0060s ]
SQL: SELECT j.id,j.status,a.joke_id,a.user_id FROM `jxb_user_audit` a left join jxb_user_joke j on a.joke_id=j.id  WHERE ( j.status=2 and a.type < 4 and a.created_time >=1505059199 )  [ RunTime:0.0000s ]
INFO: [ view_parse ] --START--
NOTIC: [2] file_get_contents(./Application/Home/View/jxb/Public/tags.html): failed to open stream: No such file or directory C:\Users\Administrator\Desktop\juxiaoba\ThinkPHP\Library\Think\Template.class.php 第 696 行.
NOTIC: [2] file_get_contents(./Application/Home/View/jxb/Public/pic.html): failed to open stream: No such file or directory C:\Users\Administrator\Desktop\juxiaoba\ThinkPHP\Library\Think\Template.class.php 第 696 行.
NOTIC: [2] file_get_contents(./Application/Home/View/jxb/Public/text.html): failed to open stream: No such file or directory C:\Users\Administrator\Desktop\juxiaoba\ThinkPHP\Library\Think\Template.class.php 第 696 行.
NOTIC: [2] file_get_contents(./Application/Home/View/jxb/Public/footer.html): failed to open stream: No such file or directory C:\Users\Administrator\Desktop\juxiaoba\ThinkPHP\Library\Think\Template.class.php 第 696 行.
INFO: [ template_filter ] --START--
INFO: Run Behavior\ContentReplaceBehavior [ RunTime:0.000000s ]
INFO: [ template_filter ] --END-- [ RunTime:0.000000s ]
NOTIC: [8] Undefined variable: keywords C:\Users\Administrator\Desktop\juxiaoba\Runtime\Cache\Home\103a9f95e703fde7908be5c3cabe13db.php 第 10 行.
NOTIC: [8] Undefined variable: description C:\Users\Administrator\Desktop\juxiaoba\Runtime\Cache\Home\103a9f95e703fde7908be5c3cabe13db.php 第 11 行.
NOTIC: [8] Undefined index: site_url C:\Users\Administrator\Desktop\juxiaoba\Runtime\Cache\Home\103a9f95e703fde7908be5c3cabe13db.php 第 13 行.
NOTIC: [8] Undefined variable: user C:\Users\Administrator\Desktop\juxiaoba\Runtime\Cache\Home\103a9f95e703fde7908be5c3cabe13db.php 第 72 行.
SQL: SELECT * FROM `jxb_user` WHERE ( username="akira" ) LIMIT 1   [ RunTime:0.0000s ]
SQL: SELECT * FROM `jxb_user` WHERE ( username="akira" ) LIMIT 1   [ RunTime:0.0010s ]
NOTIC: [8] Undefined variable: user C:\Users\Administrator\Desktop\juxiaoba\Runtime\Cache\Home\103a9f95e703fde7908be5c3cabe13db.php 第 109 行.
SQL: SELECT COUNT(*) AS tp_count FROM `jxb_user_review` WHERE ( joke_id=2 and status=2 ) LIMIT 1   [ RunTime:0.0000s ]
SQL: SELECT COUNT(*) AS tp_count FROM `jxb_user_review` WHERE ( joke_id=2 and status=2 ) LIMIT 1   [ RunTime:0.0000s ]
NOTIC: [8] Use of undefined constant review - assumed 'review' C:\Users\Administrator\Desktop\juxiaoba\Runtime\Cache\Home\103a9f95e703fde7908be5c3cabe13db.php 第 183 行.
NOTIC: [8] Undefined variable: Ccount C:\Users\Administrator\Desktop\juxiaoba\Runtime\Cache\Home\103a9f95e703fde7908be5c3cabe13db.php 第 187 行.
INFO: Run Behavior\ParseTemplateBehavior [ RunTime:0.017001s ]
INFO: [ view_parse ] --END-- [ RunTime:0.018001s ]
INFO: [ view_filter ] --START--
INFO: Run Behavior\WriteHtmlCacheBehavior [ RunTime:0.001000s ]
INFO: [ view_filter ] --END-- [ RunTime:0.001000s ]

[ 2017-09-15T16:04:11+08:00 ] 127.0.0.1 /xiaohua/2.html
INFO: [ app_init ] --START--
INFO: Run Behavior\BuildLiteBehavior [ RunTime:0.000000s ]
INFO: [ app_init ] --END-- [ RunTime:0.001000s ]
NOTIC: [8] Use of undefined constant Ture - assumed 'Ture' C:\Users\Administrator\Desktop\juxiaoba\Data\conf\config.php 第 4 行.

[ 2017-09-15T16:04:12+08:00 ] 127.0.0.1 /Public/images/fen.png
INFO: [ app_init ] --START--
INFO: Run Behavior\BuildLiteBehavior [ RunTime:0.000000s ]
INFO: [ app_init ] --END-- [ RunTime:0.001001s ]
NOTIC: [8] Use of undefined constant Ture - assumed 'Ture' C:\Users\Administrator\Desktop\juxiaoba\Data\conf\config.php 第 4 行.
ERR: 模板不存在:./Application/Home/View/jxb/Public/404.html

[ 2017-09-15T16:04:13+08:00 ] 127.0.0.1 /xiaohua/2.html
INFO: [ app_init ] --START--
INFO: Run Behavior\BuildLiteBehavior [ RunTime:0.000000s ]
INFO: [ app_init ] --END-- [ RunTime:0.000000s ]
NOTIC: [8] Use of undefined constant Ture - assumed 'Ture' C:\Users\Administrator\Desktop\juxiaoba\Data\conf\config.php 第 4 行.

[ 2017-09-15T16:04:14+08:00 ] 127.0.0.1 /Public/images/fen.png
INFO: [ app_init ] --START--
INFO: Run Behavior\BuildLiteBehavior [ RunTime:0.001000s ]
INFO: [ app_init ] --END-- [ RunTime:0.001000s ]
NOTIC: [8] Use of undefined constant Ture - assumed 'Ture' C:\Users\Administrator\Desktop\juxiaoba\Data\conf\config.php 第 4 行.
ERR: 模板不存在:./Application/Home/View/jxb/Public/404.html

[ 2017-09-15T16:04:17+08:00 ] 127.0.0.1 /Public/images/fen.png
INFO: [ app_init ] --START--
INFO: Run Behavior\BuildLiteBehavior [ RunTime:0.000000s ]
INFO: [ app_init ] --END-- [ RunTime:0.001000s ]
NOTIC: [8] Use of undefined constant Ture - assumed 'Ture' C:\Users\Administrator\Desktop\juxiaoba\Data\conf\config.php 第 4 行.
ERR: 模板不存在:./Application/Home/View/jxb/Public/404.html

[ 2017-09-15T16:04:18+08:00 ] 127.0.0.1 /xiaohua/favicon.ico
INFO: [ app_init ] --START--
INFO: Run Behavior\BuildLiteBehavior [ RunTime:0.001000s ]
INFO: [ app_init ] --END-- [ RunTime:0.001000s ]
NOTIC: [8] Use of undefined constant Ture - assumed 'Ture' C:\Users\Administrator\Desktop\juxiaoba\Data\conf\config.php 第 4 行.

[ 2017-09-15T17:18:44+08:00 ] 127.0.0.1 /xiaohua/2.html
INFO: [ app_init ] --START--
INFO: Run Behavior\BuildLiteBehavior [ RunTime:0.000000s ]
INFO: [ app_init ] --END-- [ RunTime:0.000000s ]
NOTIC: [8] Use of undefined constant Ture - assumed 'Ture' C:\Users\Administrator\Desktop\juxiaoba\Data\conf\config.php 第 4 行.

[ 2017-09-15T17:18:45+08:00 ] 127.0.0.1 /Public/images/fen.png
INFO: [ app_init ] --START--
INFO: Run Behavior\BuildLiteBehavior [ RunTime:0.000000s ]
INFO: [ app_init ] --END-- [ RunTime:0.000000s ]
NOTIC: [8] Use of undefined constant Ture - assumed 'Ture' C:\Users\Administrator\Desktop\juxiaoba\Data\conf\config.php 第 4 行.
ERR: 模板不存在:./Application/Home/View/jxb/Public/404.html

[ 2017-09-15T17:18:49+08:00 ] 127.0.0.1 /Public/images/fen.png
INFO: [ app_init ] --START--
INFO: Run Behavior\BuildLiteBehavior [ RunTime:0.000000s ]
INFO: [ app_init ] --END-- [ RunTime:0.001000s ]
NOTIC: [8] Use of undefined constant Ture - assumed 'Ture' C:\Users\Administrator\Desktop\juxiaoba\Data\conf\config.php 第 4 行.
ERR: 模板不存在:./Application/Home/View/jxb/Public/404.html

[ 2017-09-15T17:20:52+08:00 ] 127.0.0.1 /xiaohua/2.html
INFO: [ app_init ] --START--
INFO: Run Behavior\BuildLiteBehavior [ RunTime:0.000000s ]
INFO: [ app_init ] --END-- [ RunTime:0.000000s ]
NOTIC: [8] Use of undefined constant Ture - assumed 'Ture' C:\Users\Administrator\Desktop\juxiaoba\Data\conf\config.php 第 4 行.
ERR: 模板不存在:./Application/Home/View/jxb//Public/404.html

[ 2017-09-15T17:20:56+08:00 ] 127.0.0.1 /xiaohua/2.html
INFO: [ app_init ] --START--
INFO: Run Behavior\BuildLiteBehavior [ RunTime:0.000000s ]
INFO: [ app_init ] --END-- [ RunTime:0.001000s ]
NOTIC: [8] Use of undefined constant Ture - assumed 'Ture' C:\Users\Administrator\Desktop\juxiaoba\Data\conf\config.php 第 4 行.
ERR: 模板不存在:./Application/Home/View/jxb//Public/404.html

[ 2017-09-15T17:20:56+08:00 ] 127.0.0.1 /xiaohua/2.html
INFO: [ app_init ] --START--
INFO: Run Behavior\BuildLiteBehavior [ RunTime:0.000000s ]
INFO: [ app_init ] --END-- [ RunTime:0.001000s ]
NOTIC: [8] Use of undefined constant Ture - assumed 'Ture' C:\Users\Administrator\Desktop\juxiaoba\Data\conf\config.php 第 4 行.
ERR: 模板不存在:./Application/Home/View/jxb//Public/404.html

[ 2017-09-15T17:21:00+08:00 ] 127.0.0.1 /index.php/index/index
INFO: [ app_init ] --START--
INFO: Run Behavior\BuildLiteBehavior [ RunTime:0.000000s ]
INFO: [ app_init ] --END-- [ RunTime:0.000000s ]
NOTIC: [8] Use of undefined constant Ture - assumed 'Ture' C:\Users\Administrator\Desktop\juxiaoba\Data\conf\config.php 第 4 行.

[ 2017-09-15T17:21:01+08:00 ] 127.0.0.1 /index.php/index/public/js/jquery-1.12.2.min.js?201706021919
INFO: [ app_init ] --START--
INFO: Run Behavior\BuildLiteBehavior [ RunTime:0.000000s ]
INFO: [ app_init ] --END-- [ RunTime:0.000000s ]
NOTIC: [8] Use of undefined constant Ture - assumed 'Ture' C:\Users\Administrator\Desktop\juxiaoba\Data\conf\config.php 第 4 行.
ERR: 模板不存在:./Application/Home/View/jxb/Public/404.html

[ 2017-09-15T17:21:02+08:00 ] 127.0.0.1 /index.php/index/public/js/plugin/Validform.js?201706021919
INFO: [ app_init ] --START--
INFO: Run Behavior\BuildLiteBehavior [ RunTime:0.000000s ]
INFO: [ app_init ] --END-- [ RunTime:0.000000s ]
NOTIC: [8] Use of undefined constant Ture - assumed 'Ture' C:\Users\Administrator\Desktop\juxiaoba\Data\conf\config.php 第 4 行.
ERR: 模板不存在:./Application/Home/View/jxb/Public/404.html

[ 2017-09-15T17:21:03+08:00 ] 127.0.0.1 /index.php/index/public/js/plugin/lazyload.min.js?201706021919
INFO: [ app_init ] --START--
INFO: Run Behavior\BuildLiteBehavior [ RunTime:0.000000s ]
INFO: [ app_init ] --END-- [ RunTime:0.000000s ]
NOTIC: [8] Use of undefined constant Ture - assumed 'Ture' C:\Users\Administrator\Desktop\juxiaoba\Data\conf\config.php 第 4 行.
ERR: 模板不存在:./Application/Home/View/jxb/Public/404.html

[ 2017-09-15T17:21:04+08:00 ] 127.0.0.1 /index.php/index/public/js/plugin/jquery.slides.min.js?201706021919
INFO: [ app_init ] --START--
INFO: Run Behavior\BuildLiteBehavior [ RunTime:0.000000s ]
INFO: [ app_init ] --END-- [ RunTime:0.001000s ]
NOTIC: [8] Use of undefined constant Ture - assumed 'Ture' C:\Users\Administrator\Desktop\juxiaoba\Data\conf\config.php 第 4 行.
ERR: 模板不存在:./Application/Home/View/jxb/Public/404.html

[ 2017-09-15T17:21:05+08:00 ] 127.0.0.1 /index.php/index/public/js/plugin/swiper.jquery.min.js?201706021919
INFO: [ app_init ] --START--
INFO: Run Behavior\BuildLiteBehavior [ RunTime:0.000000s ]
INFO: [ app_init ] --END-- [ RunTime:0.001000s ]
NOTIC: [8] Use of undefined constant Ture - assumed 'Ture' C:\Users\Administrator\Desktop\juxiaoba\Data\conf\config.php 第 4 行.
ERR: 模板不存在:./Application/Home/View/jxb/Public/404.html

[ 2017-09-15T17:21:06+08:00 ] 127.0.0.1 /index.php/index/public/js/main.js?201706021919
INFO: [ app_init ] --START--
INFO: Run Behavior\BuildLiteBehavior [ RunTime:0.000000s ]
INFO: [ app_init ] --END-- [ RunTime:0.001000s ]
NOTIC: [8] Use of undefined constant Ture - assumed 'Ture' C:\Users\Administrator\Desktop\juxiaoba\Data\conf\config.php 第 4 行.
ERR: 模板不存在:./Application/Home/View/jxb/Public/404.html

[ 2017-09-15T17:21:07+08:00 ] 127.0.0.1 /index.php/index/public/js/page/shop.js?201706021919
INFO: [ app_init ] --START--
INFO: Run Behavior\BuildLiteBehavior [ RunTime:0.000000s ]
INFO: [ app_init ] --END-- [ RunTime:0.001000s ]
NOTIC: [8] Use of undefined constant Ture - assumed 'Ture' C:\Users\Administrator\Desktop\juxiaoba\Data\conf\config.php 第 4 行.
ERR: 模板不存在:./Application/Home/View/jxb/Public/404.html

[ 2017-09-15T17:21:08+08:00 ] 127.0.0.1 /index.php/index/public/js/page/index.js?201706021919
INFO: [ app_init ] --START--
INFO: Run Behavior\BuildLiteBehavior [ RunTime:0.000000s ]
INFO: [ app_init ] --END-- [ RunTime:0.000000s ]
NOTIC: [8] Use of undefined constant Ture - assumed 'Ture' C:\Users\Administrator\Desktop\juxiaoba\Data\conf\config.php 第 4 行.
ERR: 模板不存在:./Application/Home/View/jxb/Public/404.html

[ 2017-09-15T17:21:09+08:00 ] 127.0.0.1 /index.php/index/public/js/plugin/DatePicker/WdatePicker.js?201706021919
INFO: [ app_init ] --START--
INFO: Run Behavior\BuildLiteBehavior [ RunTime:0.001000s ]
INFO: [ app_init ] --END-- [ RunTime:0.001000s ]
NOTIC: [8] Use of undefined constant Ture - assumed 'Ture' C:\Users\Administrator\Desktop\juxiaoba\Data\conf\config.php 第 4 行.
ERR: 模板不存在:./Application/Home/View/jxb/Public/404.html

[ 2017-09-15T17:21:21+08:00 ] 127.0.0.1 /index.php/index/favicon.ico
INFO: [ app_init ] --START--
INFO: Run Behavior\BuildLiteBehavior [ RunTime:0.000000s ]
INFO: [ app_init ] --END-- [ RunTime:0.000000s ]
NOTIC: [8] Use of undefined constant Ture - assumed 'Ture' C:\Users\Administrator\Desktop\juxiaoba\Data\conf\config.php 第 4 行.

[ 2017-09-15T17:21:25+08:00 ] 127.0.0.1 /index.php/index/index
INFO: [ app_init ] --START--
INFO: Run Behavior\BuildLiteBehavior [ RunTime:0.000000s ]
INFO: [ app_init ] --END-- [ RunTime:0.000000s ]
NOTIC: [8] Use of undefined constant Ture - assumed 'Ture' C:\Users\Administrator\Desktop\juxiaoba\Data\conf\config.php 第 4 行.

[ 2017-09-15T17:21:25+08:00 ] 127.0.0.1 /xiaohua/2.html
INFO: [ app_init ] --START--
INFO: Run Behavior\BuildLiteBehavior [ RunTime:0.000000s ]
INFO: [ app_init ] --END-- [ RunTime:0.000000s ]
NOTIC: [8] Use of undefined constant Ture - assumed 'Ture' C:\Users\Administrator\Desktop\juxiaoba\Data\conf\config.php 第 4 行.
ERR: 模板不存在:./Application/Home/View/jxb//Public/404.html

[ 2017-09-15T17:21:26+08:00 ] 127.0.0.1 /index.php/index/public/js/plugin/lazyload.min.js?201706021919
INFO: [ app_init ] --START--
INFO: Run Behavior\BuildLiteBehavior [ RunTime:0.000000s ]
INFO: [ app_init ] --END-- [ RunTime:0.001000s ]
NOTIC: [8] Use of undefined constant Ture - assumed 'Ture' C:\Users\Administrator\Desktop\juxiaoba\Data\conf\config.php 第 4 行.
ERR: 模板不存在:./Application/Home/View/jxb/Public/404.html

[ 2017-09-15T17:21:27+08:00 ] 127.0.0.1 /index.php/index/public/js/jquery-1.12.2.min.js?201706021919
INFO: [ app_init ] --START--
INFO: Run Behavior\BuildLiteBehavior [ RunTime:0.000000s ]
INFO: [ app_init ] --END-- [ RunTime:0.002000s ]
NOTIC: [8] Use of undefined constant Ture - assumed 'Ture' C:\Users\Administrator\Desktop\juxiaoba\Data\conf\config.php 第 4 行.
ERR: 模板不存在:./Application/Home/View/jxb/Public/404.html

[ 2017-09-15T17:21:28+08:00 ] 127.0.0.1 /index.php/index/public/js/plugin/jquery.slides.min.js?201706021919
INFO: [ app_init ] --START--
INFO: Run Behavior\BuildLiteBehavior [ RunTime:0.000000s ]
INFO: [ app_init ] --END-- [ RunTime:0.000000s ]
NOTIC: [8] Use of undefined constant Ture - assumed 'Ture' C:\Users\Administrator\Desktop\juxiaoba\Data\conf\config.php 第 4 行.
ERR: 模板不存在:./Application/Home/View/jxb/Public/404.html

[ 2017-09-15T17:21:29+08:00 ] 127.0.0.1 /index.php/index/public/js/plugin/Validform.js?201706021919
INFO: [ app_init ] --START--
INFO: Run Behavior\BuildLiteBehavior [ RunTime:0.000000s ]
INFO: [ app_init ] --END-- [ RunTime:0.001000s ]
NOTIC: [8] Use of undefined constant Ture - assumed 'Ture' C:\Users\Administrator\Desktop\juxiaoba\Data\conf\config.php 第 4 行.
ERR: 模板不存在:./Application/Home/View/jxb/Public/404.html

[ 2017-09-15T17:21:30+08:00 ] 127.0.0.1 /index.php/index/public/js/main.js?201706021919
INFO: [ app_init ] --START--
INFO: Run Behavior\BuildLiteBehavior [ RunTime:0.000000s ]
INFO: [ app_init ] --END-- [ RunTime:0.001000s ]
NOTIC: [8] Use of undefined constant Ture - assumed 'Ture' C:\Users\Administrator\Desktop\juxiaoba\Data\conf\config.php 第 4 行.
ERR: 模板不存在:./Application/Home/View/jxb/Public/404.html

[ 2017-09-15T17:21:31+08:00 ] 127.0.0.1 /index.php/index/public/js/plugin/swiper.jquery.min.js?201706021919
INFO: [ app_init ] --START--
INFO: Run Behavior\BuildLiteBehavior [ RunTime:0.000000s ]
INFO: [ app_init ] --END-- [ RunTime:0.001000s ]
NOTIC: [8] Use of undefined constant Ture - assumed 'Ture' C:\Users\Administrator\Desktop\juxiaoba\Data\conf\config.php 第 4 行.
ERR: 模板不存在:./Application/Home/View/jxb/Public/404.html

[ 2017-09-15T17:21:31+08:00 ] 127.0.0.1 /xiaohua/2.html
INFO: [ app_init ] --START--
INFO: Run Behavior\BuildLiteBehavior [ RunTime:0.000000s ]
INFO: [ app_init ] --END-- [ RunTime:0.000000s ]
NOTIC: [8] Use of undefined constant Ture - assumed 'Ture' C:\Users\Administrator\Desktop\juxiaoba\Data\conf\config.php 第 4 行.
ERR: 模板不存在:./Application/Home/View/jxb//Public/404.html

[ 2017-09-15T17:21:33+08:00 ] 127.0.0.1 /index.php/index/public/js/page/shop.js?201706021919
INFO: [ app_init ] --START--
INFO: Run Behavior\BuildLiteBehavior [ RunTime:0.000000s ]
INFO: [ app_init ] --END-- [ RunTime:0.000000s ]
NOTIC: [8] Use of undefined constant Ture - assumed 'Ture' C:\Users\Administrator\Desktop\juxiaoba\Data\conf\config.php 第 4 行.
ERR: 模板不存在:./Application/Home/View/jxb/Public/404.html

[ 2017-09-15T17:21:33+08:00 ] 127.0.0.1 /xiaohua/2.html
INFO: [ app_init ] --START--
INFO: Run Behavior\BuildLiteBehavior [ RunTime:0.000000s ]
INFO: [ app_init ] --END-- [ RunTime:0.000000s ]
NOTIC: [8] Use of undefined constant Ture - assumed 'Ture' C:\Users\Administrator\Desktop\juxiaoba\Data\conf\config.php 第 4 行.
ERR: 模板不存在:./Application/Home/View/jxb//Public/404.html

[ 2017-09-15T17:21:34+08:00 ] 127.0.0.1 /index.php/index/public/js/page/index.js?201706021919
INFO: [ app_init ] --START--
INFO: Run Behavior\BuildLiteBehavior [ RunTime:0.000000s ]
INFO: [ app_init ] --END-- [ RunTime:0.001000s ]
NOTIC: [8] Use of undefined constant Ture - assumed 'Ture' C:\Users\Administrator\Desktop\juxiaoba\Data\conf\config.php 第 4 行.
ERR: 模板不存在:./Application/Home/View/jxb/Public/404.html

[ 2017-09-15T17:21:35+08:00 ] 127.0.0.1 /index.php/index/public/js/plugin/DatePicker/WdatePicker.js?201706021919
INFO: [ app_init ] --START--
INFO: Run Behavior\BuildLiteBehavior [ RunTime:0.000000s ]
INFO: [ app_init ] --END-- [ RunTime:0.000000s ]
NOTIC: [8] Use of undefined constant Ture - assumed 'Ture' C:\Users\Administrator\Desktop\juxiaoba\Data\conf\config.php 第 4 行.
ERR: 模板不存在:./Application/Home/View/jxb/Public/404.html

[ 2017-09-15T17:21:52+08:00 ] 127.0.0.1 /xiaohua/2.html
INFO: [ app_init ] --START--
INFO: Run Behavior\BuildLiteBehavior [ RunTime:0.000000s ]
INFO: [ app_init ] --END-- [ RunTime:0.000000s ]
NOTIC: [8] Use of undefined constant Ture - assumed 'Ture' C:\Users\Administrator\Desktop\juxiaoba\Data\conf\config.php 第 4 行.

[ 2017-09-15T17:21:53+08:00 ] 127.0.0.1 /Public/images/fen.png
INFO: [ app_init ] --START--
INFO: Run Behavior\BuildLiteBehavior [ RunTime:0.000000s ]
INFO: [ app_init ] --END-- [ RunTime:0.000000s ]
NOTIC: [8] Use of undefined constant Ture - assumed 'Ture' C:\Users\Administrator\Desktop\juxiaoba\Data\conf\config.php 第 4 行.
ERR: 模板不存在:./Application/Home/View/jxb/Public/404.html

[ 2017-09-15T17:21:57+08:00 ] 127.0.0.1 /Public/images/fen.png
INFO: [ app_init ] --START--
INFO: Run Behavior\BuildLiteBehavior [ RunTime:0.000000s ]
INFO: [ app_init ] --END-- [ RunTime:0.001000s ]
NOTIC: [8] Use of undefined constant Ture - assumed 'Ture' C:\Users\Administrator\Desktop\juxiaoba\Data\conf\config.php 第 4 行.
ERR: 模板不存在:./Application/Home/View/jxb/Public/404.html

