[ 2017-09-25T11:39:57+08:00 ] 127.0.0.1 /
INFO: [ app_init ] --START--
INFO: Run Behavior\BuildLiteBehavior [ RunTime:0.000000s ]
INFO: [ app_init ] --END-- [ RunTime:0.004000s ]
NOTIC: [8] Use of undefined constant Ture - assumed 'Ture' C:\Users\Administrator\Desktop\juxiaoba\Data\conf\config.php 第 4 行.

[ 2017-09-25T14:38:28+08:00 ] 127.0.0.1 /xiaohua/2.html
INFO: [ app_init ] --START--
INFO: Run Behavior\BuildLiteBehavior [ RunTime:0.000000s ]
INFO: [ app_init ] --END-- [ RunTime:0.001000s ]
NOTIC: [8] Use of undefined constant Ture - assumed 'Ture' C:\Users\Administrator\Desktop\juxiaoba\Data\conf\config.php 第 4 行.

[ 2017-09-25T14:38:29+08:00 ] 127.0.0.1 /Public/images/fen.png
INFO: [ app_init ] --START--
INFO: Run Behavior\BuildLiteBehavior [ RunTime:0.000000s ]
INFO: [ app_init ] --END-- [ RunTime:0.001001s ]
NOTIC: [8] Use of undefined constant Ture - assumed 'Ture' C:\Users\Administrator\Desktop\juxiaoba\Data\conf\config.php 第 4 行.
ERR: 模板不存在:./Application/Home/View/jxb/Public/404.html

[ 2017-09-25T14:38:29+08:00 ] 127.0.0.1 /xiaohua/favicon.ico
INFO: [ app_init ] --START--
INFO: Run Behavior\BuildLiteBehavior [ RunTime:0.000000s ]
INFO: [ app_init ] --END-- [ RunTime:0.000000s ]
NOTIC: [8] Use of undefined constant Ture - assumed 'Ture' C:\Users\Administrator\Desktop\juxiaoba\Data\conf\config.php 第 4 行.

