[ 2017-07-27T08:59:10+08:00 ] 127.0.0.1 /index.php
INFO: [ app_init ] --START--
INFO: Run Behavior\BuildLiteBehavior [ RunTime:0.000000s ]
INFO: [ app_init ] --END-- [ RunTime:0.005000s ]
NOTIC: [8] Use of undefined constant Ture - assumed 'Ture' C:\Users\Administrator\Desktop\juxiaoba\Data\conf\config.php 第 4 行.

[ 2017-07-27T08:59:11+08:00 ] 127.0.0.1 /index.php
INFO: [ app_init ] --START--
INFO: Run Behavior\BuildLiteBehavior [ RunTime:0.000000s ]
INFO: [ app_init ] --END-- [ RunTime:0.000000s ]
NOTIC: [8] Use of undefined constant Ture - assumed 'Ture' C:\Users\Administrator\Desktop\juxiaoba\Data\conf\config.php 第 4 行.

[ 2017-07-27T08:59:14+08:00 ] 127.0.0.1 /index.php
INFO: [ app_init ] --START--
INFO: Run Behavior\BuildLiteBehavior [ RunTime:0.000000s ]
INFO: [ app_init ] --END-- [ RunTime:0.001001s ]
NOTIC: [8] Use of undefined constant Ture - assumed 'Ture' C:\Users\Administrator\Desktop\juxiaoba\Data\conf\config.php 第 4 行.

[ 2017-07-27T09:01:22+08:00 ] 127.0.0.1 /index.php
INFO: [ app_init ] --START--
INFO: Run Behavior\BuildLiteBehavior [ RunTime:0.000000s ]
INFO: [ app_init ] --END-- [ RunTime:0.001000s ]
NOTIC: [8] Use of undefined constant Ture - assumed 'Ture' C:\Users\Administrator\Desktop\juxiaoba\Data\conf\config.php 第 4 行.

[ 2017-07-27T09:01:24+08:00 ] 127.0.0.1 /index.php
INFO: [ app_init ] --START--
INFO: Run Behavior\BuildLiteBehavior [ RunTime:0.000000s ]
INFO: [ app_init ] --END-- [ RunTime:0.001000s ]
NOTIC: [8] Use of undefined constant Ture - assumed 'Ture' C:\Users\Administrator\Desktop\juxiaoba\Data\conf\config.php 第 4 行.

[ 2017-07-27T09:04:51+08:00 ] 127.0.0.1 /index.php
INFO: [ app_init ] --START--
INFO: Run Behavior\BuildLiteBehavior [ RunTime:0.000000s ]
INFO: [ app_init ] --END-- [ RunTime:0.000000s ]
NOTIC: [8] Use of undefined constant Ture - assumed 'Ture' C:\Users\Administrator\Desktop\juxiaoba\Data\conf\config.php 第 4 行.

[ 2017-07-27T09:04:52+08:00 ] 127.0.0.1 /index.php
INFO: [ app_init ] --START--
INFO: Run Behavior\BuildLiteBehavior [ RunTime:0.000000s ]
INFO: [ app_init ] --END-- [ RunTime:0.000000s ]
NOTIC: [8] Use of undefined constant Ture - assumed 'Ture' C:\Users\Administrator\Desktop\juxiaoba\Data\conf\config.php 第 4 行.

[ 2017-07-27T09:04:57+08:00 ] 127.0.0.1 /index.php
INFO: [ app_init ] --START--
INFO: Run Behavior\BuildLiteBehavior [ RunTime:0.000000s ]
INFO: [ app_init ] --END-- [ RunTime:0.000000s ]
NOTIC: [8] Use of undefined constant Ture - assumed 'Ture' C:\Users\Administrator\Desktop\juxiaoba\Data\conf\config.php 第 4 行.

[ 2017-07-27T09:09:04+08:00 ] 127.0.0.1 /index.php
INFO: [ app_init ] --START--
INFO: Run Behavior\BuildLiteBehavior [ RunTime:0.000000s ]
INFO: [ app_init ] --END-- [ RunTime:0.001000s ]
NOTIC: [8] Use of undefined constant Ture - assumed 'Ture' C:\Users\Administrator\Desktop\juxiaoba\Data\conf\config.php 第 4 行.

[ 2017-07-27T09:11:32+08:00 ] 127.0.0.1 /index.php
INFO: [ app_init ] --START--
INFO: Run Behavior\BuildLiteBehavior [ RunTime:0.000000s ]
INFO: [ app_init ] --END-- [ RunTime:0.000000s ]
NOTIC: [8] Use of undefined constant Ture - assumed 'Ture' C:\Users\Administrator\Desktop\juxiaoba\Data\conf\config.php 第 4 行.

[ 2017-07-27T09:12:07+08:00 ] 127.0.0.1 /index.php
INFO: [ app_init ] --START--
INFO: Run Behavior\BuildLiteBehavior [ RunTime:0.000000s ]
INFO: [ app_init ] --END-- [ RunTime:0.000000s ]
NOTIC: [8] Use of undefined constant Ture - assumed 'Ture' C:\Users\Administrator\Desktop\juxiaoba\Data\conf\config.php 第 4 行.

[ 2017-07-27T09:16:25+08:00 ] 127.0.0.1 /index.php
INFO: [ app_init ] --START--
INFO: Run Behavior\BuildLiteBehavior [ RunTime:0.000000s ]
INFO: [ app_init ] --END-- [ RunTime:0.000000s ]
NOTIC: [8] Use of undefined constant Ture - assumed 'Ture' C:\Users\Administrator\Desktop\juxiaoba\Data\conf\config.php 第 4 行.

[ 2017-07-27T09:17:59+08:00 ] 127.0.0.1 /index.php
INFO: [ app_init ] --START--
INFO: Run Behavior\BuildLiteBehavior [ RunTime:0.000000s ]
INFO: [ app_init ] --END-- [ RunTime:0.000000s ]
NOTIC: [8] Use of undefined constant Ture - assumed 'Ture' C:\Users\Administrator\Desktop\juxiaoba\Data\conf\config.php 第 4 行.

[ 2017-07-27T09:23:50+08:00 ] 127.0.0.1 /index.php
INFO: [ app_init ] --START--
INFO: Run Behavior\BuildLiteBehavior [ RunTime:0.000000s ]
INFO: [ app_init ] --END-- [ RunTime:0.001000s ]
NOTIC: [8] Use of undefined constant Ture - assumed 'Ture' C:\Users\Administrator\Desktop\juxiaoba\Data\conf\config.php 第 4 行.
ERR: 模板不存在:./Application/Home/View/jxb/Index_index.html

[ 2017-07-27T09:24:53+08:00 ] 127.0.0.1 /index.php
INFO: [ app_init ] --START--
INFO: Run Behavior\BuildLiteBehavior [ RunTime:0.000000s ]
INFO: [ app_init ] --END-- [ RunTime:0.000000s ]
NOTIC: [8] Use of undefined constant Ture - assumed 'Ture' C:\Users\Administrator\Desktop\juxiaoba\Data\conf\config.php 第 4 行.

[ 2017-07-27T09:26:53+08:00 ] 127.0.0.1 /index.php
INFO: [ app_init ] --START--
INFO: Run Behavior\BuildLiteBehavior [ RunTime:0.000000s ]
INFO: [ app_init ] --END-- [ RunTime:0.000000s ]
NOTIC: [8] Use of undefined constant Ture - assumed 'Ture' C:\Users\Administrator\Desktop\juxiaoba\Data\conf\config.php 第 4 行.

[ 2017-07-27T09:28:21+08:00 ] 127.0.0.1 /index.php
INFO: [ app_init ] --START--
INFO: Run Behavior\BuildLiteBehavior [ RunTime:0.001000s ]
INFO: [ app_init ] --END-- [ RunTime:0.001000s ]
NOTIC: [8] Use of undefined constant Ture - assumed 'Ture' C:\Users\Administrator\Desktop\juxiaoba\Data\conf\config.php 第 4 行.

[ 2017-07-27T09:32:40+08:00 ] 127.0.0.1 /index.php
INFO: [ app_init ] --START--
INFO: Run Behavior\BuildLiteBehavior [ RunTime:0.001000s ]
INFO: [ app_init ] --END-- [ RunTime:0.001000s ]
NOTIC: [8] Use of undefined constant Ture - assumed 'Ture' C:\Users\Administrator\Desktop\juxiaoba\Data\conf\config.php 第 4 行.

[ 2017-07-27T09:35:02+08:00 ] 127.0.0.1 /index.php
INFO: [ app_init ] --START--
INFO: Run Behavior\BuildLiteBehavior [ RunTime:0.000000s ]
INFO: [ app_init ] --END-- [ RunTime:0.001000s ]
NOTIC: [8] Use of undefined constant Ture - assumed 'Ture' C:\Users\Administrator\Desktop\juxiaoba\Data\conf\config.php 第 4 行.

[ 2017-07-27T09:35:10+08:00 ] 127.0.0.1 /index.php
INFO: [ app_init ] --START--
INFO: Run Behavior\BuildLiteBehavior [ RunTime:0.000000s ]
INFO: [ app_init ] --END-- [ RunTime:0.000000s ]
NOTIC: [8] Use of undefined constant Ture - assumed 'Ture' C:\Users\Administrator\Desktop\juxiaoba\Data\conf\config.php 第 4 行.

[ 2017-07-27T09:36:55+08:00 ] 127.0.0.1 /index.php
INFO: [ app_init ] --START--
INFO: Run Behavior\BuildLiteBehavior [ RunTime:0.000000s ]
INFO: [ app_init ] --END-- [ RunTime:0.000000s ]
NOTIC: [8] Use of undefined constant Ture - assumed 'Ture' C:\Users\Administrator\Desktop\juxiaoba\Data\conf\config.php 第 4 行.

[ 2017-07-27T09:39:18+08:00 ] 127.0.0.1 /index.php
INFO: [ app_init ] --START--
INFO: Run Behavior\BuildLiteBehavior [ RunTime:0.000000s ]
INFO: [ app_init ] --END-- [ RunTime:0.001000s ]
NOTIC: [8] Use of undefined constant Ture - assumed 'Ture' C:\Users\Administrator\Desktop\juxiaoba\Data\conf\config.php 第 4 行.

[ 2017-07-27T09:39:28+08:00 ] 127.0.0.1 /index.php
INFO: [ app_init ] --START--
INFO: Run Behavior\BuildLiteBehavior [ RunTime:0.000000s ]
INFO: [ app_init ] --END-- [ RunTime:0.000000s ]
NOTIC: [8] Use of undefined constant Ture - assumed 'Ture' C:\Users\Administrator\Desktop\juxiaoba\Data\conf\config.php 第 4 行.

[ 2017-07-27T09:42:59+08:00 ] 127.0.0.1 /index.php
INFO: [ app_init ] --START--
INFO: Run Behavior\BuildLiteBehavior [ RunTime:0.000000s ]
INFO: [ app_init ] --END-- [ RunTime:0.001000s ]
NOTIC: [8] Use of undefined constant Ture - assumed 'Ture' C:\Users\Administrator\Desktop\juxiaoba\Data\conf\config.php 第 4 行.

[ 2017-07-27T09:43:08+08:00 ] 127.0.0.1 /index.php
INFO: [ app_init ] --START--
INFO: Run Behavior\BuildLiteBehavior [ RunTime:0.000000s ]
INFO: [ app_init ] --END-- [ RunTime:0.000000s ]
NOTIC: [8] Use of undefined constant Ture - assumed 'Ture' C:\Users\Administrator\Desktop\juxiaoba\Data\conf\config.php 第 4 行.

[ 2017-07-27T10:54:46+08:00 ] 127.0.0.1 /index.php
INFO: [ app_init ] --START--
INFO: Run Behavior\BuildLiteBehavior [ RunTime:0.000000s ]
INFO: [ app_init ] --END-- [ RunTime:0.000000s ]
NOTIC: [8] Use of undefined constant Ture - assumed 'Ture' C:\Users\Administrator\Desktop\juxiaoba\Data\conf\config.php 第 4 行.

[ 2017-07-27T10:55:37+08:00 ] 127.0.0.1 /index.php
INFO: [ app_init ] --START--
INFO: Run Behavior\BuildLiteBehavior [ RunTime:0.000000s ]
INFO: [ app_init ] --END-- [ RunTime:0.001000s ]
NOTIC: [8] Use of undefined constant Ture - assumed 'Ture' C:\Users\Administrator\Desktop\juxiaoba\Data\conf\config.php 第 4 行.

[ 2017-07-27T10:55:51+08:00 ] 127.0.0.1 /index.php
INFO: [ app_init ] --START--
INFO: Run Behavior\BuildLiteBehavior [ RunTime:0.000000s ]
INFO: [ app_init ] --END-- [ RunTime:0.001000s ]
NOTIC: [8] Use of undefined constant Ture - assumed 'Ture' C:\Users\Administrator\Desktop\juxiaoba\Data\conf\config.php 第 4 行.

[ 2017-07-27T10:56:12+08:00 ] 127.0.0.1 /index.php
INFO: [ app_init ] --START--
INFO: Run Behavior\BuildLiteBehavior [ RunTime:0.000000s ]
INFO: [ app_init ] --END-- [ RunTime:0.000000s ]
NOTIC: [8] Use of undefined constant Ture - assumed 'Ture' C:\Users\Administrator\Desktop\juxiaoba\Data\conf\config.php 第 4 行.

[ 2017-07-27T10:57:26+08:00 ] 127.0.0.1 /index.php
INFO: [ app_init ] --START--
INFO: Run Behavior\BuildLiteBehavior [ RunTime:0.000000s ]
INFO: [ app_init ] --END-- [ RunTime:0.001000s ]
NOTIC: [8] Use of undefined constant Ture - assumed 'Ture' C:\Users\Administrator\Desktop\juxiaoba\Data\conf\config.php 第 4 行.

[ 2017-07-27T10:58:40+08:00 ] 127.0.0.1 /index.php
INFO: [ app_init ] --START--
INFO: Run Behavior\BuildLiteBehavior [ RunTime:0.001000s ]
INFO: [ app_init ] --END-- [ RunTime:0.001000s ]
NOTIC: [8] Use of undefined constant Ture - assumed 'Ture' C:\Users\Administrator\Desktop\juxiaoba\Data\conf\config.php 第 4 行.

[ 2017-07-27T11:06:03+08:00 ] 127.0.0.1 /index.php
INFO: [ app_init ] --START--
INFO: Run Behavior\BuildLiteBehavior [ RunTime:0.000000s ]
INFO: [ app_init ] --END-- [ RunTime:0.001000s ]
NOTIC: [8] Use of undefined constant Ture - assumed 'Ture' C:\Users\Administrator\Desktop\juxiaoba\Data\conf\config.php 第 4 行.

[ 2017-07-27T11:12:02+08:00 ] 127.0.0.1 /index.php
INFO: [ app_init ] --START--
INFO: Run Behavior\BuildLiteBehavior [ RunTime:0.001000s ]
INFO: [ app_init ] --END-- [ RunTime:0.001000s ]
NOTIC: [8] Use of undefined constant Ture - assumed 'Ture' C:\Users\Administrator\Desktop\juxiaoba\Data\conf\config.php 第 4 行.

[ 2017-07-27T11:12:17+08:00 ] 127.0.0.1 /index.php
INFO: [ app_init ] --START--
INFO: Run Behavior\BuildLiteBehavior [ RunTime:0.000000s ]
INFO: [ app_init ] --END-- [ RunTime:0.001000s ]
NOTIC: [8] Use of undefined constant Ture - assumed 'Ture' C:\Users\Administrator\Desktop\juxiaoba\Data\conf\config.php 第 4 行.

[ 2017-07-27T11:13:20+08:00 ] 127.0.0.1 /index.php
INFO: [ app_init ] --START--
INFO: Run Behavior\BuildLiteBehavior [ RunTime:0.000000s ]
INFO: [ app_init ] --END-- [ RunTime:0.001000s ]
NOTIC: [8] Use of undefined constant Ture - assumed 'Ture' C:\Users\Administrator\Desktop\juxiaoba\Data\conf\config.php 第 4 行.

[ 2017-07-27T11:14:04+08:00 ] 127.0.0.1 /index.php
INFO: [ app_init ] --START--
INFO: Run Behavior\BuildLiteBehavior [ RunTime:0.000000s ]
INFO: [ app_init ] --END-- [ RunTime:0.001000s ]
NOTIC: [8] Use of undefined constant Ture - assumed 'Ture' C:\Users\Administrator\Desktop\juxiaoba\Data\conf\config.php 第 4 行.

[ 2017-07-27T11:15:25+08:00 ] 127.0.0.1 /index.php
INFO: [ app_init ] --START--
INFO: Run Behavior\BuildLiteBehavior [ RunTime:0.000000s ]
INFO: [ app_init ] --END-- [ RunTime:0.001000s ]
NOTIC: [8] Use of undefined constant Ture - assumed 'Ture' C:\Users\Administrator\Desktop\juxiaoba\Data\conf\config.php 第 4 行.

[ 2017-07-27T11:17:57+08:00 ] 127.0.0.1 /index.php
INFO: [ app_init ] --START--
INFO: Run Behavior\BuildLiteBehavior [ RunTime:0.000000s ]
INFO: [ app_init ] --END-- [ RunTime:0.000000s ]
NOTIC: [8] Use of undefined constant Ture - assumed 'Ture' C:\Users\Administrator\Desktop\juxiaoba\Data\conf\config.php 第 4 行.

[ 2017-07-27T11:18:15+08:00 ] 127.0.0.1 /index.php
INFO: [ app_init ] --START--
INFO: Run Behavior\BuildLiteBehavior [ RunTime:0.000000s ]
INFO: [ app_init ] --END-- [ RunTime:0.000000s ]
NOTIC: [8] Use of undefined constant Ture - assumed 'Ture' C:\Users\Administrator\Desktop\juxiaoba\Data\conf\config.php 第 4 行.

[ 2017-07-27T11:18:21+08:00 ] 127.0.0.1 /index.php
INFO: [ app_init ] --START--
INFO: Run Behavior\BuildLiteBehavior [ RunTime:0.000000s ]
INFO: [ app_init ] --END-- [ RunTime:0.000000s ]
NOTIC: [8] Use of undefined constant Ture - assumed 'Ture' C:\Users\Administrator\Desktop\juxiaoba\Data\conf\config.php 第 4 行.

