[ 2017-10-21T10:10:15+08:00 ] 127.0.0.1 /
ERR: 模板不存在:./Wap/Home/View/juxiaoba/Index/index.html

[ 2017-10-21T10:10:18+08:00 ] 127.0.0.1 /
ERR: 模板不存在:./Wap/Home/View/juxiaoba/Index/index.html

[ 2017-10-21T10:10:25+08:00 ] 127.0.0.1 /
ERR: 模板不存在:./Wap/Home/View/juxiaoba/Index/index.html

[ 2017-10-21T10:10:26+08:00 ] 127.0.0.1 /
ERR: 模板不存在:./Wap/Home/View/juxiaoba/Index/index.html

[ 2017-10-21T10:10:27+08:00 ] 127.0.0.1 /
ERR: 模板不存在:./Wap/Home/View/juxiaoba/Index/index.html

[ 2017-10-21T10:10:28+08:00 ] 127.0.0.1 /
ERR: 模板不存在:./Wap/Home/View/juxiaoba/Index/index.html

[ 2017-10-21T10:10:29+08:00 ] 127.0.0.1 /
ERR: 模板不存在:./Wap/Home/View/juxiaoba/Index/index.html

[ 2017-10-21T10:10:43+08:00 ] 127.0.0.1 /
INFO: [ app_init ] --START--
INFO: Run Behavior\BuildLiteBehavior [ RunTime:0.000000s ]
INFO: [ app_init ] --END-- [ RunTime:0.001000s ]
NOTIC: [8] Use of undefined constant Ture - assumed 'Ture' C:\Users\Administrator\Desktop\juxiaoba\Data\conf\config.php 第 4 行.
INFO: [ app_begin ] --START--
INFO: Run Behavior\ReadHtmlCacheBehavior [ RunTime:0.001000s ]
INFO: [ app_begin ] --END-- [ RunTime:0.001000s ]
SQL: SHOW COLUMNS FROM `jxb_setting` [ RunTime:0.0070s ]
SQL: SELECT * FROM `jxb_setting`  [ RunTime:0.0010s ]
SQL: SHOW COLUMNS FROM `jxb_seo` [ RunTime:0.0080s ]
SQL: SELECT * FROM `jxb_seo`  [ RunTime:0.0000s ]
SQL: SHOW COLUMNS FROM `jxb_adv` [ RunTime:0.0030s ]
SQL: SELECT * FROM `jxb_adv`  [ RunTime:0.0000s ]
NOTIC: [8] Undefined index: code C:\Users\Administrator\Desktop\juxiaoba\Wap\Home\Controller\BaseController.class.php 第 57 行.
NOTIC: [8] Undefined index: code C:\Users\Administrator\Desktop\juxiaoba\Wap\Home\Controller\BaseController.class.php 第 57 行.
NOTIC: [8] Undefined index: code C:\Users\Administrator\Desktop\juxiaoba\Wap\Home\Controller\BaseController.class.php 第 57 行.
NOTIC: [8] Undefined index: code C:\Users\Administrator\Desktop\juxiaoba\Wap\Home\Controller\BaseController.class.php 第 57 行.
NOTIC: [8] Undefined index: code C:\Users\Administrator\Desktop\juxiaoba\Wap\Home\Controller\BaseController.class.php 第 57 行.
SQL: SHOW COLUMNS FROM `jxb_user` [ RunTime:0.0050s ]
SQL: SELECT * FROM `jxb_user` WHERE ( id=0 ) LIMIT 1   [ RunTime:0.0000s ]
SQL: SHOW COLUMNS FROM `jxb_user_joke` [ RunTime:0.0040s ]
SQL: SELECT * FROM `jxb_user_joke` WHERE ( type = 1 and status = 2 ) ORDER BY good_num desc LIMIT 0,10   [ RunTime:0.0000s ]
SQL: SELECT * FROM `jxb_user_joke` WHERE ( type = 2 and status = 2 ) ORDER BY good_num desc LIMIT 0,10   [ RunTime:0.0000s ]
SQL: SHOW COLUMNS FROM `jxb_user_audit` [ RunTime:0.0040s ]
SQL: SELECT j.id,j.status,a.joke_id,a.user_id FROM `jxb_user_audit` a left join jxb_user_joke j on a.joke_id=j.id  WHERE ( j.status=2 and a.type < 4 and a.created_time >=1508515200 )  [ RunTime:0.0000s ]
SQL: SELECT j.id,j.status,a.joke_id,a.user_id FROM `jxb_user_audit` a left join jxb_user_joke j on a.joke_id=j.id  WHERE ( j.status=2 and a.type < 4 and a.created_time >=1508083199 )  [ RunTime:0.0000s ]
SQL: SELECT COUNT(*) AS tp_count FROM `jxb_user_joke` WHERE ( status=2 ) LIMIT 1   [ RunTime:0.0000s ]
SQL: SELECT * FROM `jxb_user_joke` WHERE ( status=2 ) ORDER BY audit_time desc LIMIT 0,10   [ RunTime:0.0010s ]
SQL: SHOW COLUMNS FROM `jxb_user_record` [ RunTime:0.0040s ]
SQL: SELECT * FROM `jxb_user_record` WHERE ( user_id="uk68pdaqjffmf6vmip40atcen5" and joke_id=623 ) LIMIT 1   [ RunTime:0.0000s ]
SQL: SELECT * FROM `jxb_user_joke` WHERE ( id=623 ) LIMIT 1   [ RunTime:0.0010s ]
SQL: SELECT * FROM `jxb_user` WHERE `id` = 42 LIMIT 1   [ RunTime:0.0000s ]
SQL: SELECT * FROM `jxb_user_record` WHERE ( user_id="uk68pdaqjffmf6vmip40atcen5" and joke_id=622 ) LIMIT 1   [ RunTime:0.0000s ]
SQL: SELECT * FROM `jxb_user_joke` WHERE ( id=622 ) LIMIT 1   [ RunTime:0.0000s ]
SQL: SELECT * FROM `jxb_user` WHERE `id` = 42 LIMIT 1   [ RunTime:0.0000s ]
SQL: SELECT * FROM `jxb_user_record` WHERE ( user_id="uk68pdaqjffmf6vmip40atcen5" and joke_id=621 ) LIMIT 1   [ RunTime:0.0000s ]
SQL: SELECT * FROM `jxb_user_joke` WHERE ( id=621 ) LIMIT 1   [ RunTime:0.0000s ]
SQL: SELECT * FROM `jxb_user` WHERE `id` = 42 LIMIT 1   [ RunTime:0.0010s ]
SQL: SELECT * FROM `jxb_user_record` WHERE ( user_id="uk68pdaqjffmf6vmip40atcen5" and joke_id=619 ) LIMIT 1   [ RunTime:0.0000s ]
SQL: SELECT * FROM `jxb_user_joke` WHERE ( id=619 ) LIMIT 1   [ RunTime:0.0000s ]
SQL: SELECT * FROM `jxb_user` WHERE `id` = 42 LIMIT 1   [ RunTime:0.0000s ]
SQL: SELECT * FROM `jxb_user_record` WHERE ( user_id="uk68pdaqjffmf6vmip40atcen5" and joke_id=620 ) LIMIT 1   [ RunTime:0.0000s ]
SQL: SELECT * FROM `jxb_user_joke` WHERE ( id=620 ) LIMIT 1   [ RunTime:0.0000s ]
SQL: SELECT * FROM `jxb_user` WHERE `id` = 42 LIMIT 1   [ RunTime:0.0000s ]
SQL: SELECT * FROM `jxb_user_record` WHERE ( user_id="uk68pdaqjffmf6vmip40atcen5" and joke_id=608 ) LIMIT 1   [ RunTime:0.0010s ]
SQL: SELECT * FROM `jxb_user_joke` WHERE ( id=608 ) LIMIT 1   [ RunTime:0.0000s ]
SQL: SELECT * FROM `jxb_user` WHERE `id` = 4 LIMIT 1   [ RunTime:0.0000s ]
SQL: SELECT * FROM `jxb_user_record` WHERE ( user_id="uk68pdaqjffmf6vmip40atcen5" and joke_id=609 ) LIMIT 1   [ RunTime:0.0000s ]
SQL: SELECT * FROM `jxb_user_joke` WHERE ( id=609 ) LIMIT 1   [ RunTime:0.0000s ]
SQL: SELECT * FROM `jxb_user` WHERE `id` = 4 LIMIT 1   [ RunTime:0.0000s ]
SQL: SELECT * FROM `jxb_user_record` WHERE ( user_id="uk68pdaqjffmf6vmip40atcen5" and joke_id=606 ) LIMIT 1   [ RunTime:0.0000s ]
SQL: SELECT * FROM `jxb_user_joke` WHERE ( id=606 ) LIMIT 1   [ RunTime:0.0010s ]
SQL: SELECT * FROM `jxb_user` WHERE `id` = 42 LIMIT 1   [ RunTime:0.0000s ]
SQL: SELECT * FROM `jxb_user_record` WHERE ( user_id="uk68pdaqjffmf6vmip40atcen5" and joke_id=595 ) LIMIT 1   [ RunTime:0.0000s ]
SQL: SELECT * FROM `jxb_user_joke` WHERE ( id=595 ) LIMIT 1   [ RunTime:0.0010s ]
SQL: SELECT * FROM `jxb_user` WHERE `id` = 4 LIMIT 1   [ RunTime:0.0000s ]
SQL: SELECT * FROM `jxb_user_record` WHERE ( user_id="uk68pdaqjffmf6vmip40atcen5" and joke_id=594 ) LIMIT 1   [ RunTime:0.0000s ]
SQL: SELECT * FROM `jxb_user_joke` WHERE ( id=594 ) LIMIT 1   [ RunTime:0.0000s ]
SQL: SELECT * FROM `jxb_user` WHERE `id` = 4 LIMIT 1   [ RunTime:0.0000s ]
ERR: 模板不存在:./Wap/Home/View/juxiaoba/Index/index.html

[ 2017-10-21T10:11:32+08:00 ] 127.0.0.1 /
INFO: [ app_init ] --START--
INFO: Run Behavior\BuildLiteBehavior [ RunTime:0.000000s ]
INFO: [ app_init ] --END-- [ RunTime:0.000000s ]
NOTIC: [8] Use of undefined constant Ture - assumed 'Ture' C:\Users\Administrator\Desktop\juxiaoba\Data\conf\config.php 第 4 行.
INFO: [ app_begin ] --START--
INFO: Run Behavior\ReadHtmlCacheBehavior [ RunTime:0.000000s ]
INFO: [ app_begin ] --END-- [ RunTime:0.000000s ]
SQL: SHOW COLUMNS FROM `jxb_setting` [ RunTime:0.0060s ]
SQL: SELECT * FROM `jxb_setting`  [ RunTime:0.0010s ]
SQL: SHOW COLUMNS FROM `jxb_seo` [ RunTime:0.0050s ]
SQL: SELECT * FROM `jxb_seo`  [ RunTime:0.0000s ]
SQL: SHOW COLUMNS FROM `jxb_adv` [ RunTime:0.0040s ]
SQL: SELECT * FROM `jxb_adv`  [ RunTime:0.0000s ]
NOTIC: [8] Undefined index: code C:\Users\Administrator\Desktop\juxiaoba\Wap\Home\Controller\BaseController.class.php 第 57 行.
NOTIC: [8] Undefined index: code C:\Users\Administrator\Desktop\juxiaoba\Wap\Home\Controller\BaseController.class.php 第 57 行.
NOTIC: [8] Undefined index: code C:\Users\Administrator\Desktop\juxiaoba\Wap\Home\Controller\BaseController.class.php 第 57 行.
NOTIC: [8] Undefined index: code C:\Users\Administrator\Desktop\juxiaoba\Wap\Home\Controller\BaseController.class.php 第 57 行.
NOTIC: [8] Undefined index: code C:\Users\Administrator\Desktop\juxiaoba\Wap\Home\Controller\BaseController.class.php 第 57 行.
SQL: SHOW COLUMNS FROM `jxb_user` [ RunTime:0.0080s ]
SQL: SELECT * FROM `jxb_user` WHERE ( id=0 ) LIMIT 1   [ RunTime:0.0000s ]
SQL: SHOW COLUMNS FROM `jxb_user_joke` [ RunTime:0.0040s ]
SQL: SELECT * FROM `jxb_user_joke` WHERE ( type = 1 and status = 2 ) ORDER BY good_num desc LIMIT 0,10   [ RunTime:0.0010s ]
SQL: SELECT * FROM `jxb_user_joke` WHERE ( type = 2 and status = 2 ) ORDER BY good_num desc LIMIT 0,10   [ RunTime:0.0010s ]
SQL: SHOW COLUMNS FROM `jxb_user_audit` [ RunTime:0.0030s ]
SQL: SELECT j.id,j.status,a.joke_id,a.user_id FROM `jxb_user_audit` a left join jxb_user_joke j on a.joke_id=j.id  WHERE ( j.status=2 and a.type < 4 and a.created_time >=1508515200 )  [ RunTime:0.0010s ]
SQL: SELECT j.id,j.status,a.joke_id,a.user_id FROM `jxb_user_audit` a left join jxb_user_joke j on a.joke_id=j.id  WHERE ( j.status=2 and a.type < 4 and a.created_time >=1508083199 )  [ RunTime:0.0000s ]
SQL: SELECT COUNT(*) AS tp_count FROM `jxb_user_joke` WHERE ( status=2 ) LIMIT 1   [ RunTime:0.0010s ]
SQL: SELECT * FROM `jxb_user_joke` WHERE ( status=2 ) ORDER BY audit_time desc LIMIT 0,10   [ RunTime:0.0010s ]
SQL: SHOW COLUMNS FROM `jxb_user_record` [ RunTime:0.0030s ]
SQL: SELECT * FROM `jxb_user_record` WHERE ( user_id="uk68pdaqjffmf6vmip40atcen5" and joke_id=623 ) LIMIT 1   [ RunTime:0.0000s ]
SQL: SELECT * FROM `jxb_user_joke` WHERE ( id=623 ) LIMIT 1   [ RunTime:0.0000s ]
SQL: SELECT * FROM `jxb_user` WHERE `id` = 42 LIMIT 1   [ RunTime:0.0000s ]
SQL: SELECT * FROM `jxb_user_record` WHERE ( user_id="uk68pdaqjffmf6vmip40atcen5" and joke_id=622 ) LIMIT 1   [ RunTime:0.0000s ]
SQL: SELECT * FROM `jxb_user_joke` WHERE ( id=622 ) LIMIT 1   [ RunTime:0.0000s ]
SQL: SELECT * FROM `jxb_user` WHERE `id` = 42 LIMIT 1   [ RunTime:0.0000s ]
SQL: SELECT * FROM `jxb_user_record` WHERE ( user_id="uk68pdaqjffmf6vmip40atcen5" and joke_id=621 ) LIMIT 1   [ RunTime:0.0010s ]
SQL: SELECT * FROM `jxb_user_joke` WHERE ( id=621 ) LIMIT 1   [ RunTime:0.0000s ]
SQL: SELECT * FROM `jxb_user` WHERE `id` = 42 LIMIT 1   [ RunTime:0.0000s ]
SQL: SELECT * FROM `jxb_user_record` WHERE ( user_id="uk68pdaqjffmf6vmip40atcen5" and joke_id=619 ) LIMIT 1   [ RunTime:0.0010s ]
SQL: SELECT * FROM `jxb_user_joke` WHERE ( id=619 ) LIMIT 1   [ RunTime:0.0000s ]
SQL: SELECT * FROM `jxb_user` WHERE `id` = 42 LIMIT 1   [ RunTime:0.0000s ]
SQL: SELECT * FROM `jxb_user_record` WHERE ( user_id="uk68pdaqjffmf6vmip40atcen5" and joke_id=620 ) LIMIT 1   [ RunTime:0.0010s ]
SQL: SELECT * FROM `jxb_user_joke` WHERE ( id=620 ) LIMIT 1   [ RunTime:0.0000s ]
SQL: SELECT * FROM `jxb_user` WHERE `id` = 42 LIMIT 1   [ RunTime:0.0000s ]
SQL: SELECT * FROM `jxb_user_record` WHERE ( user_id="uk68pdaqjffmf6vmip40atcen5" and joke_id=608 ) LIMIT 1   [ RunTime:0.0000s ]
SQL: SELECT * FROM `jxb_user_joke` WHERE ( id=608 ) LIMIT 1   [ RunTime:0.0000s ]
SQL: SELECT * FROM `jxb_user` WHERE `id` = 4 LIMIT 1   [ RunTime:0.0000s ]
SQL: SELECT * FROM `jxb_user_record` WHERE ( user_id="uk68pdaqjffmf6vmip40atcen5" and joke_id=609 ) LIMIT 1   [ RunTime:0.0000s ]
SQL: SELECT * FROM `jxb_user_joke` WHERE ( id=609 ) LIMIT 1   [ RunTime:0.0010s ]
SQL: SELECT * FROM `jxb_user` WHERE `id` = 4 LIMIT 1   [ RunTime:0.0000s ]
SQL: SELECT * FROM `jxb_user_record` WHERE ( user_id="uk68pdaqjffmf6vmip40atcen5" and joke_id=606 ) LIMIT 1   [ RunTime:0.0000s ]
SQL: SELECT * FROM `jxb_user_joke` WHERE ( id=606 ) LIMIT 1   [ RunTime:0.0000s ]
SQL: SELECT * FROM `jxb_user` WHERE `id` = 42 LIMIT 1   [ RunTime:0.0000s ]
SQL: SELECT * FROM `jxb_user_record` WHERE ( user_id="uk68pdaqjffmf6vmip40atcen5" and joke_id=595 ) LIMIT 1   [ RunTime:0.0010s ]
SQL: SELECT * FROM `jxb_user_joke` WHERE ( id=595 ) LIMIT 1   [ RunTime:0.0000s ]
SQL: SELECT * FROM `jxb_user` WHERE `id` = 4 LIMIT 1   [ RunTime:0.0000s ]
SQL: SELECT * FROM `jxb_user_record` WHERE ( user_id="uk68pdaqjffmf6vmip40atcen5" and joke_id=594 ) LIMIT 1   [ RunTime:0.0010s ]
SQL: SELECT * FROM `jxb_user_joke` WHERE ( id=594 ) LIMIT 1   [ RunTime:0.0000s ]
SQL: SELECT * FROM `jxb_user` WHERE `id` = 4 LIMIT 1   [ RunTime:0.0010s ]
INFO: [ view_parse ] --START--
INFO: [ template_filter ] --START--
INFO: Run Behavior\ContentReplaceBehavior [ RunTime:0.002000s ]
INFO: [ template_filter ] --END-- [ RunTime:0.002000s ]
INFO: Run Behavior\ParseTemplateBehavior [ RunTime:0.012001s ]
INFO: [ view_parse ] --END-- [ RunTime:0.013001s ]
INFO: [ view_filter ] --START--
INFO: Run Behavior\WriteHtmlCacheBehavior [ RunTime:0.001000s ]
INFO: [ view_filter ] --END-- [ RunTime:0.001000s ]
INFO: [ app_end ] --START--
INFO: Run Behavior\ShowPageTraceBehavior [ RunTime:0.003000s ]
INFO: [ app_end ] --END-- [ RunTime:0.003000s ]

[ 2017-10-21T10:21:11+08:00 ] 127.0.0.1 /
INFO: [ app_init ] --START--
INFO: Run Behavior\BuildLiteBehavior [ RunTime:0.000000s ]
INFO: [ app_init ] --END-- [ RunTime:0.000000s ]
NOTIC: [8] Use of undefined constant Ture - assumed 'Ture' C:\Users\Administrator\Desktop\juxiaoba\Data\conf\config.php 第 4 行.
INFO: [ app_begin ] --START--
INFO: Run Behavior\ReadHtmlCacheBehavior [ RunTime:0.000000s ]
INFO: [ app_begin ] --END-- [ RunTime:0.000000s ]
SQL: SHOW COLUMNS FROM `jxb_setting` [ RunTime:0.0070s ]
SQL: SELECT * FROM `jxb_setting`  [ RunTime:0.0010s ]
SQL: SHOW COLUMNS FROM `jxb_seo` [ RunTime:0.0070s ]
SQL: SELECT * FROM `jxb_seo`  [ RunTime:0.0000s ]
SQL: SHOW COLUMNS FROM `jxb_adv` [ RunTime:0.0070s ]
SQL: SELECT * FROM `jxb_adv`  [ RunTime:0.0010s ]
NOTIC: [8] Undefined index: code C:\Users\Administrator\Desktop\juxiaoba\Wap\Home\Controller\BaseController.class.php 第 57 行.
NOTIC: [8] Undefined index: code C:\Users\Administrator\Desktop\juxiaoba\Wap\Home\Controller\BaseController.class.php 第 57 行.
NOTIC: [8] Undefined index: code C:\Users\Administrator\Desktop\juxiaoba\Wap\Home\Controller\BaseController.class.php 第 57 行.
NOTIC: [8] Undefined index: code C:\Users\Administrator\Desktop\juxiaoba\Wap\Home\Controller\BaseController.class.php 第 57 行.
NOTIC: [8] Undefined index: code C:\Users\Administrator\Desktop\juxiaoba\Wap\Home\Controller\BaseController.class.php 第 57 行.
SQL: SHOW COLUMNS FROM `jxb_user` [ RunTime:0.0070s ]
SQL: SELECT * FROM `jxb_user` WHERE ( id=0 ) LIMIT 1   [ RunTime:0.0010s ]
SQL: SHOW COLUMNS FROM `jxb_user_joke` [ RunTime:0.0070s ]
SQL: SELECT * FROM `jxb_user_joke` WHERE ( type = 1 and status = 2 ) ORDER BY good_num desc LIMIT 0,10   [ RunTime:0.0010s ]
SQL: SELECT * FROM `jxb_user_joke` WHERE ( type = 2 and status = 2 ) ORDER BY good_num desc LIMIT 0,10   [ RunTime:0.0000s ]
SQL: SHOW COLUMNS FROM `jxb_user_audit` [ RunTime:0.0040s ]
SQL: SELECT j.id,j.status,a.joke_id,a.user_id FROM `jxb_user_audit` a left join jxb_user_joke j on a.joke_id=j.id  WHERE ( j.status=2 and a.type < 4 and a.created_time >=1508515200 )  [ RunTime:0.0000s ]
SQL: SELECT j.id,j.status,a.joke_id,a.user_id FROM `jxb_user_audit` a left join jxb_user_joke j on a.joke_id=j.id  WHERE ( j.status=2 and a.type < 4 and a.created_time >=1508083199 )  [ RunTime:0.0000s ]
SQL: SELECT COUNT(*) AS tp_count FROM `jxb_user_joke` WHERE ( status=2 ) LIMIT 1   [ RunTime:0.0000s ]
SQL: SELECT * FROM `jxb_user_joke` WHERE ( status=2 ) ORDER BY audit_time desc LIMIT 0,10   [ RunTime:0.0010s ]
SQL: SHOW COLUMNS FROM `jxb_user_record` [ RunTime:0.0040s ]
SQL: SELECT * FROM `jxb_user_record` WHERE ( user_id="uk68pdaqjffmf6vmip40atcen5" and joke_id=623 ) LIMIT 1   [ RunTime:0.0010s ]
SQL: SELECT * FROM `jxb_user_joke` WHERE ( id=623 ) LIMIT 1   [ RunTime:0.0000s ]
SQL: SELECT * FROM `jxb_user` WHERE `id` = 42 LIMIT 1   [ RunTime:0.0000s ]
SQL: SELECT * FROM `jxb_user_record` WHERE ( user_id="uk68pdaqjffmf6vmip40atcen5" and joke_id=622 ) LIMIT 1   [ RunTime:0.0000s ]
SQL: SELECT * FROM `jxb_user_joke` WHERE ( id=622 ) LIMIT 1   [ RunTime:0.0000s ]
SQL: SELECT * FROM `jxb_user` WHERE `id` = 42 LIMIT 1   [ RunTime:0.0010s ]
SQL: SELECT * FROM `jxb_user_record` WHERE ( user_id="uk68pdaqjffmf6vmip40atcen5" and joke_id=621 ) LIMIT 1   [ RunTime:0.0000s ]
SQL: SELECT * FROM `jxb_user_joke` WHERE ( id=621 ) LIMIT 1   [ RunTime:0.0000s ]
SQL: SELECT * FROM `jxb_user` WHERE `id` = 42 LIMIT 1   [ RunTime:0.0000s ]
SQL: SELECT * FROM `jxb_user_record` WHERE ( user_id="uk68pdaqjffmf6vmip40atcen5" and joke_id=619 ) LIMIT 1   [ RunTime:0.0010s ]
SQL: SELECT * FROM `jxb_user_joke` WHERE ( id=619 ) LIMIT 1   [ RunTime:0.0000s ]
SQL: SELECT * FROM `jxb_user` WHERE `id` = 42 LIMIT 1   [ RunTime:0.0010s ]
SQL: SELECT * FROM `jxb_user_record` WHERE ( user_id="uk68pdaqjffmf6vmip40atcen5" and joke_id=620 ) LIMIT 1   [ RunTime:0.0000s ]
SQL: SELECT * FROM `jxb_user_joke` WHERE ( id=620 ) LIMIT 1   [ RunTime:0.0000s ]
SQL: SELECT * FROM `jxb_user` WHERE `id` = 42 LIMIT 1   [ RunTime:0.0000s ]
SQL: SELECT * FROM `jxb_user_record` WHERE ( user_id="uk68pdaqjffmf6vmip40atcen5" and joke_id=608 ) LIMIT 1   [ RunTime:0.0000s ]
SQL: SELECT * FROM `jxb_user_joke` WHERE ( id=608 ) LIMIT 1   [ RunTime:0.0010s ]
SQL: SELECT * FROM `jxb_user` WHERE `id` = 4 LIMIT 1   [ RunTime:0.0000s ]
SQL: SELECT * FROM `jxb_user_record` WHERE ( user_id="uk68pdaqjffmf6vmip40atcen5" and joke_id=609 ) LIMIT 1   [ RunTime:0.0000s ]
SQL: SELECT * FROM `jxb_user_joke` WHERE ( id=609 ) LIMIT 1   [ RunTime:0.0010s ]
SQL: SELECT * FROM `jxb_user` WHERE `id` = 4 LIMIT 1   [ RunTime:0.0000s ]
SQL: SELECT * FROM `jxb_user_record` WHERE ( user_id="uk68pdaqjffmf6vmip40atcen5" and joke_id=606 ) LIMIT 1   [ RunTime:0.0000s ]
SQL: SELECT * FROM `jxb_user_joke` WHERE ( id=606 ) LIMIT 1   [ RunTime:0.0000s ]
SQL: SELECT * FROM `jxb_user` WHERE `id` = 42 LIMIT 1   [ RunTime:0.0000s ]
SQL: SELECT * FROM `jxb_user_record` WHERE ( user_id="uk68pdaqjffmf6vmip40atcen5" and joke_id=595 ) LIMIT 1   [ RunTime:0.0010s ]
SQL: SELECT * FROM `jxb_user_joke` WHERE ( id=595 ) LIMIT 1   [ RunTime:0.0000s ]
SQL: SELECT * FROM `jxb_user` WHERE `id` = 4 LIMIT 1   [ RunTime:0.0000s ]
SQL: SELECT * FROM `jxb_user_record` WHERE ( user_id="uk68pdaqjffmf6vmip40atcen5" and joke_id=594 ) LIMIT 1   [ RunTime:0.0000s ]
SQL: SELECT * FROM `jxb_user_joke` WHERE ( id=594 ) LIMIT 1   [ RunTime:0.0000s ]
SQL: SELECT * FROM `jxb_user` WHERE `id` = 4 LIMIT 1   [ RunTime:0.0010s ]
INFO: [ view_parse ] --START--
INFO: [ template_filter ] --START--
INFO: Run Behavior\ContentReplaceBehavior [ RunTime:0.000000s ]
INFO: [ template_filter ] --END-- [ RunTime:0.001000s ]
INFO: Run Behavior\ParseTemplateBehavior [ RunTime:0.006000s ]
INFO: [ view_parse ] --END-- [ RunTime:0.006000s ]
INFO: [ view_filter ] --START--
INFO: Run Behavior\WriteHtmlCacheBehavior [ RunTime:0.000000s ]
INFO: [ view_filter ] --END-- [ RunTime:0.000000s ]
INFO: [ app_end ] --START--
INFO: Run Behavior\ShowPageTraceBehavior [ RunTime:0.001000s ]
INFO: [ app_end ] --END-- [ RunTime:0.001000s ]

[ 2017-10-21T10:21:13+08:00 ] 127.0.0.1 /
INFO: [ app_init ] --START--
INFO: Run Behavior\BuildLiteBehavior [ RunTime:0.000000s ]
INFO: [ app_init ] --END-- [ RunTime:0.000000s ]
NOTIC: [8] Use of undefined constant Ture - assumed 'Ture' C:\Users\Administrator\Desktop\juxiaoba\Data\conf\config.php 第 4 行.
INFO: [ app_begin ] --START--
INFO: Run Behavior\ReadHtmlCacheBehavior [ RunTime:0.001000s ]
INFO: [ app_begin ] --END-- [ RunTime:0.001000s ]
SQL: SHOW COLUMNS FROM `jxb_setting` [ RunTime:0.0070s ]
SQL: SELECT * FROM `jxb_setting`  [ RunTime:0.0010s ]
SQL: SHOW COLUMNS FROM `jxb_seo` [ RunTime:0.0060s ]
SQL: SELECT * FROM `jxb_seo`  [ RunTime:0.0000s ]
SQL: SHOW COLUMNS FROM `jxb_adv` [ RunTime:0.0040s ]
SQL: SELECT * FROM `jxb_adv`  [ RunTime:0.0000s ]
NOTIC: [8] Undefined index: code C:\Users\Administrator\Desktop\juxiaoba\Wap\Home\Controller\BaseController.class.php 第 57 行.
NOTIC: [8] Undefined index: code C:\Users\Administrator\Desktop\juxiaoba\Wap\Home\Controller\BaseController.class.php 第 57 行.
NOTIC: [8] Undefined index: code C:\Users\Administrator\Desktop\juxiaoba\Wap\Home\Controller\BaseController.class.php 第 57 行.
NOTIC: [8] Undefined index: code C:\Users\Administrator\Desktop\juxiaoba\Wap\Home\Controller\BaseController.class.php 第 57 行.
NOTIC: [8] Undefined index: code C:\Users\Administrator\Desktop\juxiaoba\Wap\Home\Controller\BaseController.class.php 第 57 行.
SQL: SHOW COLUMNS FROM `jxb_user` [ RunTime:0.0040s ]
SQL: SELECT * FROM `jxb_user` WHERE ( id=0 ) LIMIT 1   [ RunTime:0.0000s ]
SQL: SHOW COLUMNS FROM `jxb_user_joke` [ RunTime:0.0040s ]
SQL: SELECT * FROM `jxb_user_joke` WHERE ( type = 1 and status = 2 ) ORDER BY good_num desc LIMIT 0,10   [ RunTime:0.0010s ]
SQL: SELECT * FROM `jxb_user_joke` WHERE ( type = 2 and status = 2 ) ORDER BY good_num desc LIMIT 0,10   [ RunTime:0.0010s ]
SQL: SHOW COLUMNS FROM `jxb_user_audit` [ RunTime:0.0040s ]
SQL: SELECT j.id,j.status,a.joke_id,a.user_id FROM `jxb_user_audit` a left join jxb_user_joke j on a.joke_id=j.id  WHERE ( j.status=2 and a.type < 4 and a.created_time >=1508515200 )  [ RunTime:0.0010s ]
SQL: SELECT j.id,j.status,a.joke_id,a.user_id FROM `jxb_user_audit` a left join jxb_user_joke j on a.joke_id=j.id  WHERE ( j.status=2 and a.type < 4 and a.created_time >=1508083199 )  [ RunTime:0.0000s ]
SQL: SELECT COUNT(*) AS tp_count FROM `jxb_user_joke` WHERE ( status=2 ) LIMIT 1   [ RunTime:0.0010s ]
SQL: SELECT * FROM `jxb_user_joke` WHERE ( status=2 ) ORDER BY audit_time desc LIMIT 0,10   [ RunTime:0.0010s ]
SQL: SHOW COLUMNS FROM `jxb_user_record` [ RunTime:0.0030s ]
SQL: SELECT * FROM `jxb_user_record` WHERE ( user_id="uk68pdaqjffmf6vmip40atcen5" and joke_id=623 ) LIMIT 1   [ RunTime:0.0000s ]
SQL: SELECT * FROM `jxb_user_joke` WHERE ( id=623 ) LIMIT 1   [ RunTime:0.0000s ]
SQL: SELECT * FROM `jxb_user` WHERE `id` = 42 LIMIT 1   [ RunTime:0.0010s ]
SQL: SELECT * FROM `jxb_user_record` WHERE ( user_id="uk68pdaqjffmf6vmip40atcen5" and joke_id=622 ) LIMIT 1   [ RunTime:0.0000s ]
SQL: SELECT * FROM `jxb_user_joke` WHERE ( id=622 ) LIMIT 1   [ RunTime:0.0000s ]
SQL: SELECT * FROM `jxb_user` WHERE `id` = 42 LIMIT 1   [ RunTime:0.0000s ]
SQL: SELECT * FROM `jxb_user_record` WHERE ( user_id="uk68pdaqjffmf6vmip40atcen5" and joke_id=621 ) LIMIT 1   [ RunTime:0.0000s ]
SQL: SELECT * FROM `jxb_user_joke` WHERE ( id=621 ) LIMIT 1   [ RunTime:0.0000s ]
SQL: SELECT * FROM `jxb_user` WHERE `id` = 42 LIMIT 1   [ RunTime:0.0000s ]
SQL: SELECT * FROM `jxb_user_record` WHERE ( user_id="uk68pdaqjffmf6vmip40atcen5" and joke_id=619 ) LIMIT 1   [ RunTime:0.0000s ]
SQL: SELECT * FROM `jxb_user_joke` WHERE ( id=619 ) LIMIT 1   [ RunTime:0.0000s ]
SQL: SELECT * FROM `jxb_user` WHERE `id` = 42 LIMIT 1   [ RunTime:0.0000s ]
SQL: SELECT * FROM `jxb_user_record` WHERE ( user_id="uk68pdaqjffmf6vmip40atcen5" and joke_id=620 ) LIMIT 1   [ RunTime:0.0000s ]
SQL: SELECT * FROM `jxb_user_joke` WHERE ( id=620 ) LIMIT 1   [ RunTime:0.0010s ]
SQL: SELECT * FROM `jxb_user` WHERE `id` = 42 LIMIT 1   [ RunTime:0.0000s ]
SQL: SELECT * FROM `jxb_user_record` WHERE ( user_id="uk68pdaqjffmf6vmip40atcen5" and joke_id=608 ) LIMIT 1   [ RunTime:0.0000s ]
SQL: SELECT * FROM `jxb_user_joke` WHERE ( id=608 ) LIMIT 1   [ RunTime:0.0010s ]
SQL: SELECT * FROM `jxb_user` WHERE `id` = 4 LIMIT 1   [ RunTime:0.0000s ]
SQL: SELECT * FROM `jxb_user_record` WHERE ( user_id="uk68pdaqjffmf6vmip40atcen5" and joke_id=609 ) LIMIT 1   [ RunTime:0.0000s ]
SQL: SELECT * FROM `jxb_user_joke` WHERE ( id=609 ) LIMIT 1   [ RunTime:0.0010s ]
SQL: SELECT * FROM `jxb_user` WHERE `id` = 4 LIMIT 1   [ RunTime:0.0000s ]
SQL: SELECT * FROM `jxb_user_record` WHERE ( user_id="uk68pdaqjffmf6vmip40atcen5" and joke_id=606 ) LIMIT 1   [ RunTime:0.0000s ]
SQL: SELECT * FROM `jxb_user_joke` WHERE ( id=606 ) LIMIT 1   [ RunTime:0.0010s ]
SQL: SELECT * FROM `jxb_user` WHERE `id` = 42 LIMIT 1   [ RunTime:0.0000s ]
SQL: SELECT * FROM `jxb_user_record` WHERE ( user_id="uk68pdaqjffmf6vmip40atcen5" and joke_id=595 ) LIMIT 1   [ RunTime:0.0000s ]
SQL: SELECT * FROM `jxb_user_joke` WHERE ( id=595 ) LIMIT 1   [ RunTime:0.0000s ]
SQL: SELECT * FROM `jxb_user` WHERE `id` = 4 LIMIT 1   [ RunTime:0.0000s ]
SQL: SELECT * FROM `jxb_user_record` WHERE ( user_id="uk68pdaqjffmf6vmip40atcen5" and joke_id=594 ) LIMIT 1   [ RunTime:0.0000s ]
SQL: SELECT * FROM `jxb_user_joke` WHERE ( id=594 ) LIMIT 1   [ RunTime:0.0000s ]
SQL: SELECT * FROM `jxb_user` WHERE `id` = 4 LIMIT 1   [ RunTime:0.0010s ]
INFO: [ view_parse ] --START--
INFO: [ template_filter ] --START--
INFO: Run Behavior\ContentReplaceBehavior [ RunTime:0.000000s ]
INFO: [ template_filter ] --END-- [ RunTime:0.000000s ]
INFO: Run Behavior\ParseTemplateBehavior [ RunTime:0.005000s ]
INFO: [ view_parse ] --END-- [ RunTime:0.005000s ]
INFO: [ view_filter ] --START--
INFO: Run Behavior\WriteHtmlCacheBehavior [ RunTime:0.000000s ]
INFO: [ view_filter ] --END-- [ RunTime:0.001000s ]
INFO: [ app_end ] --START--
INFO: Run Behavior\ShowPageTraceBehavior [ RunTime:0.000000s ]
INFO: [ app_end ] --END-- [ RunTime:0.001000s ]

[ 2017-10-21T10:26:56+08:00 ] 127.0.0.1 /
INFO: [ app_init ] --START--
INFO: Run Behavior\BuildLiteBehavior [ RunTime:0.000000s ]
INFO: [ app_init ] --END-- [ RunTime:0.000000s ]
NOTIC: [8] Use of undefined constant Ture - assumed 'Ture' C:\Users\Administrator\Desktop\juxiaoba\Data\conf\config.php 第 4 行.
INFO: [ app_begin ] --START--
INFO: Run Behavior\ReadHtmlCacheBehavior [ RunTime:0.001000s ]
INFO: [ app_begin ] --END-- [ RunTime:0.001000s ]
SQL: SHOW COLUMNS FROM `jxb_setting` [ RunTime:0.0030s ]
SQL: SELECT * FROM `jxb_setting`  [ RunTime:0.0000s ]
SQL: SHOW COLUMNS FROM `jxb_seo` [ RunTime:0.0040s ]
SQL: SELECT * FROM `jxb_seo`  [ RunTime:0.0010s ]
SQL: SHOW COLUMNS FROM `jxb_adv` [ RunTime:0.0030s ]
SQL: SELECT * FROM `jxb_adv`  [ RunTime:0.0000s ]
NOTIC: [8] Undefined index: code C:\Users\Administrator\Desktop\juxiaoba\Wap\Home\Controller\BaseController.class.php 第 57 行.
NOTIC: [8] Undefined index: code C:\Users\Administrator\Desktop\juxiaoba\Wap\Home\Controller\BaseController.class.php 第 57 行.
NOTIC: [8] Undefined index: code C:\Users\Administrator\Desktop\juxiaoba\Wap\Home\Controller\BaseController.class.php 第 57 行.
NOTIC: [8] Undefined index: code C:\Users\Administrator\Desktop\juxiaoba\Wap\Home\Controller\BaseController.class.php 第 57 行.
NOTIC: [8] Undefined index: code C:\Users\Administrator\Desktop\juxiaoba\Wap\Home\Controller\BaseController.class.php 第 57 行.
SQL: SHOW COLUMNS FROM `jxb_user` [ RunTime:0.0040s ]
SQL: SELECT * FROM `jxb_user` WHERE ( id=0 ) LIMIT 1   [ RunTime:0.0000s ]
SQL: SHOW COLUMNS FROM `jxb_user_joke` [ RunTime:0.0040s ]
SQL: SELECT * FROM `jxb_user_joke` WHERE ( type = 1 and status = 2 ) ORDER BY good_num desc LIMIT 0,10   [ RunTime:0.0010s ]
SQL: SELECT * FROM `jxb_user_joke` WHERE ( type = 2 and status = 2 ) ORDER BY good_num desc LIMIT 0,10   [ RunTime:0.0010s ]
SQL: SHOW COLUMNS FROM `jxb_user_audit` [ RunTime:0.0030s ]
SQL: SELECT j.id,j.status,a.joke_id,a.user_id FROM `jxb_user_audit` a left join jxb_user_joke j on a.joke_id=j.id  WHERE ( j.status=2 and a.type < 4 and a.created_time >=1508515200 )  [ RunTime:0.0000s ]
SQL: SELECT j.id,j.status,a.joke_id,a.user_id FROM `jxb_user_audit` a left join jxb_user_joke j on a.joke_id=j.id  WHERE ( j.status=2 and a.type < 4 and a.created_time >=1508083199 )  [ RunTime:0.0010s ]
SQL: SELECT COUNT(*) AS tp_count FROM `jxb_user_joke` WHERE ( status=2 ) LIMIT 1   [ RunTime:0.0000s ]
SQL: SELECT * FROM `jxb_user_joke` WHERE ( status=2 ) ORDER BY audit_time desc LIMIT 0,10   [ RunTime:0.0010s ]
SQL: SHOW COLUMNS FROM `jxb_user_record` [ RunTime:0.0040s ]
SQL: SELECT * FROM `jxb_user_record` WHERE ( user_id="uk68pdaqjffmf6vmip40atcen5" and joke_id=623 ) LIMIT 1   [ RunTime:0.0010s ]
SQL: SELECT * FROM `jxb_user_joke` WHERE ( id=623 ) LIMIT 1   [ RunTime:0.0000s ]
SQL: SELECT * FROM `jxb_user` WHERE `id` = 42 LIMIT 1   [ RunTime:0.0000s ]
SQL: SELECT * FROM `jxb_user_record` WHERE ( user_id="uk68pdaqjffmf6vmip40atcen5" and joke_id=622 ) LIMIT 1   [ RunTime:0.0010s ]
SQL: SELECT * FROM `jxb_user_joke` WHERE ( id=622 ) LIMIT 1   [ RunTime:0.0000s ]
SQL: SELECT * FROM `jxb_user` WHERE `id` = 42 LIMIT 1   [ RunTime:0.0000s ]
SQL: SELECT * FROM `jxb_user_record` WHERE ( user_id="uk68pdaqjffmf6vmip40atcen5" and joke_id=621 ) LIMIT 1   [ RunTime:0.0010s ]
SQL: SELECT * FROM `jxb_user_joke` WHERE ( id=621 ) LIMIT 1   [ RunTime:0.0000s ]
SQL: SELECT * FROM `jxb_user` WHERE `id` = 42 LIMIT 1   [ RunTime:0.0000s ]
SQL: SELECT * FROM `jxb_user_record` WHERE ( user_id="uk68pdaqjffmf6vmip40atcen5" and joke_id=619 ) LIMIT 1   [ RunTime:0.0000s ]
SQL: SELECT * FROM `jxb_user_joke` WHERE ( id=619 ) LIMIT 1   [ RunTime:0.0000s ]
SQL: SELECT * FROM `jxb_user` WHERE `id` = 42 LIMIT 1   [ RunTime:0.0000s ]
SQL: SELECT * FROM `jxb_user_record` WHERE ( user_id="uk68pdaqjffmf6vmip40atcen5" and joke_id=620 ) LIMIT 1   [ RunTime:0.0000s ]
SQL: SELECT * FROM `jxb_user_joke` WHERE ( id=620 ) LIMIT 1   [ RunTime:0.0010s ]
SQL: SELECT * FROM `jxb_user` WHERE `id` = 42 LIMIT 1   [ RunTime:0.0000s ]
SQL: SELECT * FROM `jxb_user_record` WHERE ( user_id="uk68pdaqjffmf6vmip40atcen5" and joke_id=608 ) LIMIT 1   [ RunTime:0.0000s ]
SQL: SELECT * FROM `jxb_user_joke` WHERE ( id=608 ) LIMIT 1   [ RunTime:0.0000s ]
SQL: SELECT * FROM `jxb_user` WHERE `id` = 4 LIMIT 1   [ RunTime:0.0000s ]
SQL: SELECT * FROM `jxb_user_record` WHERE ( user_id="uk68pdaqjffmf6vmip40atcen5" and joke_id=609 ) LIMIT 1   [ RunTime:0.0000s ]
SQL: SELECT * FROM `jxb_user_joke` WHERE ( id=609 ) LIMIT 1   [ RunTime:0.0010s ]
SQL: SELECT * FROM `jxb_user` WHERE `id` = 4 LIMIT 1   [ RunTime:0.0000s ]
SQL: SELECT * FROM `jxb_user_record` WHERE ( user_id="uk68pdaqjffmf6vmip40atcen5" and joke_id=606 ) LIMIT 1   [ RunTime:0.0000s ]
SQL: SELECT * FROM `jxb_user_joke` WHERE ( id=606 ) LIMIT 1   [ RunTime:0.0000s ]
SQL: SELECT * FROM `jxb_user` WHERE `id` = 42 LIMIT 1   [ RunTime:0.0010s ]
SQL: SELECT * FROM `jxb_user_record` WHERE ( user_id="uk68pdaqjffmf6vmip40atcen5" and joke_id=595 ) LIMIT 1   [ RunTime:0.0000s ]
SQL: SELECT * FROM `jxb_user_joke` WHERE ( id=595 ) LIMIT 1   [ RunTime:0.0000s ]
SQL: SELECT * FROM `jxb_user` WHERE `id` = 4 LIMIT 1   [ RunTime:0.0000s ]
SQL: SELECT * FROM `jxb_user_record` WHERE ( user_id="uk68pdaqjffmf6vmip40atcen5" and joke_id=594 ) LIMIT 1   [ RunTime:0.0000s ]
SQL: SELECT * FROM `jxb_user_joke` WHERE ( id=594 ) LIMIT 1   [ RunTime:0.0000s ]
SQL: SELECT * FROM `jxb_user` WHERE `id` = 4 LIMIT 1   [ RunTime:0.0010s ]
INFO: [ view_parse ] --START--
INFO: [ template_filter ] --START--
INFO: Run Behavior\ContentReplaceBehavior [ RunTime:0.000000s ]
INFO: [ template_filter ] --END-- [ RunTime:0.000000s ]
INFO: Run Behavior\ParseTemplateBehavior [ RunTime:0.006000s ]
INFO: [ view_parse ] --END-- [ RunTime:0.006000s ]
INFO: [ view_filter ] --START--
INFO: Run Behavior\WriteHtmlCacheBehavior [ RunTime:0.000000s ]
INFO: [ view_filter ] --END-- [ RunTime:0.000000s ]
INFO: [ app_end ] --START--
INFO: Run Behavior\ShowPageTraceBehavior [ RunTime:0.001000s ]
INFO: [ app_end ] --END-- [ RunTime:0.001000s ]

[ 2017-10-21T10:26:57+08:00 ] 127.0.0.1 /
INFO: [ app_init ] --START--
INFO: Run Behavior\BuildLiteBehavior [ RunTime:0.000000s ]
INFO: [ app_init ] --END-- [ RunTime:0.000000s ]
NOTIC: [8] Use of undefined constant Ture - assumed 'Ture' C:\Users\Administrator\Desktop\juxiaoba\Data\conf\config.php 第 4 行.
INFO: [ app_begin ] --START--
INFO: Run Behavior\ReadHtmlCacheBehavior [ RunTime:0.001000s ]
INFO: [ app_begin ] --END-- [ RunTime:0.001000s ]
SQL: SHOW COLUMNS FROM `jxb_setting` [ RunTime:0.0080s ]
SQL: SELECT * FROM `jxb_setting`  [ RunTime:0.0010s ]
SQL: SHOW COLUMNS FROM `jxb_seo` [ RunTime:0.0070s ]
SQL: SELECT * FROM `jxb_seo`  [ RunTime:0.0010s ]
SQL: SHOW COLUMNS FROM `jxb_adv` [ RunTime:0.0050s ]
SQL: SELECT * FROM `jxb_adv`  [ RunTime:0.0000s ]
NOTIC: [8] Undefined index: code C:\Users\Administrator\Desktop\juxiaoba\Wap\Home\Controller\BaseController.class.php 第 57 行.
NOTIC: [8] Undefined index: code C:\Users\Administrator\Desktop\juxiaoba\Wap\Home\Controller\BaseController.class.php 第 57 行.
NOTIC: [8] Undefined index: code C:\Users\Administrator\Desktop\juxiaoba\Wap\Home\Controller\BaseController.class.php 第 57 行.
NOTIC: [8] Undefined index: code C:\Users\Administrator\Desktop\juxiaoba\Wap\Home\Controller\BaseController.class.php 第 57 行.
NOTIC: [8] Undefined index: code C:\Users\Administrator\Desktop\juxiaoba\Wap\Home\Controller\BaseController.class.php 第 57 行.
SQL: SHOW COLUMNS FROM `jxb_user` [ RunTime:0.0030s ]
SQL: SELECT * FROM `jxb_user` WHERE ( id=0 ) LIMIT 1   [ RunTime:0.0000s ]
SQL: SHOW COLUMNS FROM `jxb_user_joke` [ RunTime:0.0040s ]
SQL: SELECT * FROM `jxb_user_joke` WHERE ( type = 1 and status = 2 ) ORDER BY good_num desc LIMIT 0,10   [ RunTime:0.0010s ]
SQL: SELECT * FROM `jxb_user_joke` WHERE ( type = 2 and status = 2 ) ORDER BY good_num desc LIMIT 0,10   [ RunTime:0.0000s ]
SQL: SHOW COLUMNS FROM `jxb_user_audit` [ RunTime:0.0030s ]
SQL: SELECT j.id,j.status,a.joke_id,a.user_id FROM `jxb_user_audit` a left join jxb_user_joke j on a.joke_id=j.id  WHERE ( j.status=2 and a.type < 4 and a.created_time >=1508515200 )  [ RunTime:0.0000s ]
SQL: SELECT j.id,j.status,a.joke_id,a.user_id FROM `jxb_user_audit` a left join jxb_user_joke j on a.joke_id=j.id  WHERE ( j.status=2 and a.type < 4 and a.created_time >=1508083199 )  [ RunTime:0.0010s ]
SQL: SELECT COUNT(*) AS tp_count FROM `jxb_user_joke` WHERE ( status=2 ) LIMIT 1   [ RunTime:0.0000s ]
SQL: SELECT * FROM `jxb_user_joke` WHERE ( status=2 ) ORDER BY audit_time desc LIMIT 0,10   [ RunTime:0.0010s ]
SQL: SHOW COLUMNS FROM `jxb_user_record` [ RunTime:0.0030s ]
SQL: SELECT * FROM `jxb_user_record` WHERE ( user_id="uk68pdaqjffmf6vmip40atcen5" and joke_id=623 ) LIMIT 1   [ RunTime:0.0000s ]
SQL: SELECT * FROM `jxb_user_joke` WHERE ( id=623 ) LIMIT 1   [ RunTime:0.0000s ]
SQL: SELECT * FROM `jxb_user` WHERE `id` = 42 LIMIT 1   [ RunTime:0.0010s ]
SQL: SELECT * FROM `jxb_user_record` WHERE ( user_id="uk68pdaqjffmf6vmip40atcen5" and joke_id=622 ) LIMIT 1   [ RunTime:0.0000s ]
SQL: SELECT * FROM `jxb_user_joke` WHERE ( id=622 ) LIMIT 1   [ RunTime:0.0000s ]
SQL: SELECT * FROM `jxb_user` WHERE `id` = 42 LIMIT 1   [ RunTime:0.0010s ]
SQL: SELECT * FROM `jxb_user_record` WHERE ( user_id="uk68pdaqjffmf6vmip40atcen5" and joke_id=621 ) LIMIT 1   [ RunTime:0.0000s ]
SQL: SELECT * FROM `jxb_user_joke` WHERE ( id=621 ) LIMIT 1   [ RunTime:0.0000s ]
SQL: SELECT * FROM `jxb_user` WHERE `id` = 42 LIMIT 1   [ RunTime:0.0010s ]
SQL: SELECT * FROM `jxb_user_record` WHERE ( user_id="uk68pdaqjffmf6vmip40atcen5" and joke_id=619 ) LIMIT 1   [ RunTime:0.0000s ]
SQL: SELECT * FROM `jxb_user_joke` WHERE ( id=619 ) LIMIT 1   [ RunTime:0.0000s ]
SQL: SELECT * FROM `jxb_user` WHERE `id` = 42 LIMIT 1   [ RunTime:0.0010s ]
SQL: SELECT * FROM `jxb_user_record` WHERE ( user_id="uk68pdaqjffmf6vmip40atcen5" and joke_id=620 ) LIMIT 1   [ RunTime:0.0000s ]
SQL: SELECT * FROM `jxb_user_joke` WHERE ( id=620 ) LIMIT 1   [ RunTime:0.0000s ]
SQL: SELECT * FROM `jxb_user` WHERE `id` = 42 LIMIT 1   [ RunTime:0.0010s ]
SQL: SELECT * FROM `jxb_user_record` WHERE ( user_id="uk68pdaqjffmf6vmip40atcen5" and joke_id=608 ) LIMIT 1   [ RunTime:0.0000s ]
SQL: SELECT * FROM `jxb_user_joke` WHERE ( id=608 ) LIMIT 1   [ RunTime:0.0000s ]
SQL: SELECT * FROM `jxb_user` WHERE `id` = 4 LIMIT 1   [ RunTime:0.0000s ]
SQL: SELECT * FROM `jxb_user_record` WHERE ( user_id="uk68pdaqjffmf6vmip40atcen5" and joke_id=609 ) LIMIT 1   [ RunTime:0.0000s ]
SQL: SELECT * FROM `jxb_user_joke` WHERE ( id=609 ) LIMIT 1   [ RunTime:0.0000s ]
SQL: SELECT * FROM `jxb_user` WHERE `id` = 4 LIMIT 1   [ RunTime:0.0000s ]
SQL: SELECT * FROM `jxb_user_record` WHERE ( user_id="uk68pdaqjffmf6vmip40atcen5" and joke_id=606 ) LIMIT 1   [ RunTime:0.0000s ]
SQL: SELECT * FROM `jxb_user_joke` WHERE ( id=606 ) LIMIT 1   [ RunTime:0.0000s ]
SQL: SELECT * FROM `jxb_user` WHERE `id` = 42 LIMIT 1   [ RunTime:0.0010s ]
SQL: SELECT * FROM `jxb_user_record` WHERE ( user_id="uk68pdaqjffmf6vmip40atcen5" and joke_id=595 ) LIMIT 1   [ RunTime:0.0000s ]
SQL: SELECT * FROM `jxb_user_joke` WHERE ( id=595 ) LIMIT 1   [ RunTime:0.0000s ]
SQL: SELECT * FROM `jxb_user` WHERE `id` = 4 LIMIT 1   [ RunTime:0.0000s ]
SQL: SELECT * FROM `jxb_user_record` WHERE ( user_id="uk68pdaqjffmf6vmip40atcen5" and joke_id=594 ) LIMIT 1   [ RunTime:0.0000s ]
SQL: SELECT * FROM `jxb_user_joke` WHERE ( id=594 ) LIMIT 1   [ RunTime:0.0000s ]
SQL: SELECT * FROM `jxb_user` WHERE `id` = 4 LIMIT 1   [ RunTime:0.0000s ]
INFO: [ view_parse ] --START--
INFO: [ template_filter ] --START--
INFO: Run Behavior\ContentReplaceBehavior [ RunTime:0.000000s ]
INFO: [ template_filter ] --END-- [ RunTime:0.000000s ]
INFO: Run Behavior\ParseTemplateBehavior [ RunTime:0.008001s ]
INFO: [ view_parse ] --END-- [ RunTime:0.008001s ]
INFO: [ view_filter ] --START--
INFO: Run Behavior\WriteHtmlCacheBehavior [ RunTime:0.000000s ]
INFO: [ view_filter ] --END-- [ RunTime:0.000000s ]
INFO: [ app_end ] --START--
INFO: Run Behavior\ShowPageTraceBehavior [ RunTime:0.001000s ]
INFO: [ app_end ] --END-- [ RunTime:0.001000s ]

[ 2017-10-21T10:26:58+08:00 ] 127.0.0.1 /
INFO: [ app_init ] --START--
INFO: Run Behavior\BuildLiteBehavior [ RunTime:0.000000s ]
INFO: [ app_init ] --END-- [ RunTime:0.000000s ]
NOTIC: [8] Use of undefined constant Ture - assumed 'Ture' C:\Users\Administrator\Desktop\juxiaoba\Data\conf\config.php 第 4 行.
INFO: [ app_begin ] --START--
INFO: Run Behavior\ReadHtmlCacheBehavior [ RunTime:0.000000s ]
INFO: [ app_begin ] --END-- [ RunTime:0.000000s ]
SQL: SHOW COLUMNS FROM `jxb_setting` [ RunTime:0.0070s ]
SQL: SELECT * FROM `jxb_setting`  [ RunTime:0.0010s ]
SQL: SHOW COLUMNS FROM `jxb_seo` [ RunTime:0.0040s ]
SQL: SELECT * FROM `jxb_seo`  [ RunTime:0.0000s ]
SQL: SHOW COLUMNS FROM `jxb_adv` [ RunTime:0.0040s ]
SQL: SELECT * FROM `jxb_adv`  [ RunTime:0.0010s ]
NOTIC: [8] Undefined index: code C:\Users\Administrator\Desktop\juxiaoba\Wap\Home\Controller\BaseController.class.php 第 57 行.
NOTIC: [8] Undefined index: code C:\Users\Administrator\Desktop\juxiaoba\Wap\Home\Controller\BaseController.class.php 第 57 行.
NOTIC: [8] Undefined index: code C:\Users\Administrator\Desktop\juxiaoba\Wap\Home\Controller\BaseController.class.php 第 57 行.
NOTIC: [8] Undefined index: code C:\Users\Administrator\Desktop\juxiaoba\Wap\Home\Controller\BaseController.class.php 第 57 行.
NOTIC: [8] Undefined index: code C:\Users\Administrator\Desktop\juxiaoba\Wap\Home\Controller\BaseController.class.php 第 57 行.
SQL: SHOW COLUMNS FROM `jxb_user` [ RunTime:0.0070s ]
SQL: SELECT * FROM `jxb_user` WHERE ( id=0 ) LIMIT 1   [ RunTime:0.0010s ]
SQL: SHOW COLUMNS FROM `jxb_user_joke` [ RunTime:0.0050s ]
SQL: SELECT * FROM `jxb_user_joke` WHERE ( type = 1 and status = 2 ) ORDER BY good_num desc LIMIT 0,10   [ RunTime:0.0010s ]
SQL: SELECT * FROM `jxb_user_joke` WHERE ( type = 2 and status = 2 ) ORDER BY good_num desc LIMIT 0,10   [ RunTime:0.0020s ]
SQL: SHOW COLUMNS FROM `jxb_user_audit` [ RunTime:0.0050s ]
SQL: SELECT j.id,j.status,a.joke_id,a.user_id FROM `jxb_user_audit` a left join jxb_user_joke j on a.joke_id=j.id  WHERE ( j.status=2 and a.type < 4 and a.created_time >=1508515200 )  [ RunTime:0.0000s ]
SQL: SELECT j.id,j.status,a.joke_id,a.user_id FROM `jxb_user_audit` a left join jxb_user_joke j on a.joke_id=j.id  WHERE ( j.status=2 and a.type < 4 and a.created_time >=1508083199 )  [ RunTime:0.0010s ]
SQL: SELECT COUNT(*) AS tp_count FROM `jxb_user_joke` WHERE ( status=2 ) LIMIT 1   [ RunTime:0.0000s ]
SQL: SELECT * FROM `jxb_user_joke` WHERE ( status=2 ) ORDER BY audit_time desc LIMIT 0,10   [ RunTime:0.0010s ]
SQL: SHOW COLUMNS FROM `jxb_user_record` [ RunTime:0.0030s ]
SQL: SELECT * FROM `jxb_user_record` WHERE ( user_id="uk68pdaqjffmf6vmip40atcen5" and joke_id=623 ) LIMIT 1   [ RunTime:0.0000s ]
SQL: SELECT * FROM `jxb_user_joke` WHERE ( id=623 ) LIMIT 1   [ RunTime:0.0000s ]
SQL: SELECT * FROM `jxb_user` WHERE `id` = 42 LIMIT 1   [ RunTime:0.0010s ]
SQL: SELECT * FROM `jxb_user_record` WHERE ( user_id="uk68pdaqjffmf6vmip40atcen5" and joke_id=622 ) LIMIT 1   [ RunTime:0.0000s ]
SQL: SELECT * FROM `jxb_user_joke` WHERE ( id=622 ) LIMIT 1   [ RunTime:0.0000s ]
SQL: SELECT * FROM `jxb_user` WHERE `id` = 42 LIMIT 1   [ RunTime:0.0000s ]
SQL: SELECT * FROM `jxb_user_record` WHERE ( user_id="uk68pdaqjffmf6vmip40atcen5" and joke_id=621 ) LIMIT 1   [ RunTime:0.0010s ]
SQL: SELECT * FROM `jxb_user_joke` WHERE ( id=621 ) LIMIT 1   [ RunTime:0.0000s ]
SQL: SELECT * FROM `jxb_user` WHERE `id` = 42 LIMIT 1   [ RunTime:0.0000s ]
SQL: SELECT * FROM `jxb_user_record` WHERE ( user_id="uk68pdaqjffmf6vmip40atcen5" and joke_id=619 ) LIMIT 1   [ RunTime:0.0010s ]
SQL: SELECT * FROM `jxb_user_joke` WHERE ( id=619 ) LIMIT 1   [ RunTime:0.0000s ]
SQL: SELECT * FROM `jxb_user` WHERE `id` = 42 LIMIT 1   [ RunTime:0.0000s ]
SQL: SELECT * FROM `jxb_user_record` WHERE ( user_id="uk68pdaqjffmf6vmip40atcen5" and joke_id=620 ) LIMIT 1   [ RunTime:0.0000s ]
SQL: SELECT * FROM `jxb_user_joke` WHERE ( id=620 ) LIMIT 1   [ RunTime:0.0010s ]
SQL: SELECT * FROM `jxb_user` WHERE `id` = 42 LIMIT 1   [ RunTime:0.0000s ]
SQL: SELECT * FROM `jxb_user_record` WHERE ( user_id="uk68pdaqjffmf6vmip40atcen5" and joke_id=608 ) LIMIT 1   [ RunTime:0.0000s ]
SQL: SELECT * FROM `jxb_user_joke` WHERE ( id=608 ) LIMIT 1   [ RunTime:0.0000s ]
SQL: SELECT * FROM `jxb_user` WHERE `id` = 4 LIMIT 1   [ RunTime:0.0000s ]
SQL: SELECT * FROM `jxb_user_record` WHERE ( user_id="uk68pdaqjffmf6vmip40atcen5" and joke_id=609 ) LIMIT 1   [ RunTime:0.0000s ]
SQL: SELECT * FROM `jxb_user_joke` WHERE ( id=609 ) LIMIT 1   [ RunTime:0.0000s ]
SQL: SELECT * FROM `jxb_user` WHERE `id` = 4 LIMIT 1   [ RunTime:0.0010s ]
SQL: SELECT * FROM `jxb_user_record` WHERE ( user_id="uk68pdaqjffmf6vmip40atcen5" and joke_id=606 ) LIMIT 1   [ RunTime:0.0000s ]
SQL: SELECT * FROM `jxb_user_joke` WHERE ( id=606 ) LIMIT 1   [ RunTime:0.0000s ]
SQL: SELECT * FROM `jxb_user` WHERE `id` = 42 LIMIT 1   [ RunTime:0.0000s ]
SQL: SELECT * FROM `jxb_user_record` WHERE ( user_id="uk68pdaqjffmf6vmip40atcen5" and joke_id=595 ) LIMIT 1   [ RunTime:0.0000s ]
SQL: SELECT * FROM `jxb_user_joke` WHERE ( id=595 ) LIMIT 1   [ RunTime:0.0000s ]
SQL: SELECT * FROM `jxb_user` WHERE `id` = 4 LIMIT 1   [ RunTime:0.0010s ]
SQL: SELECT * FROM `jxb_user_record` WHERE ( user_id="uk68pdaqjffmf6vmip40atcen5" and joke_id=594 ) LIMIT 1   [ RunTime:0.0000s ]
SQL: SELECT * FROM `jxb_user_joke` WHERE ( id=594 ) LIMIT 1   [ RunTime:0.0000s ]
SQL: SELECT * FROM `jxb_user` WHERE `id` = 4 LIMIT 1   [ RunTime:0.0010s ]
INFO: [ view_parse ] --START--
INFO: [ template_filter ] --START--
INFO: Run Behavior\ContentReplaceBehavior [ RunTime:0.000000s ]
INFO: [ template_filter ] --END-- [ RunTime:0.000000s ]
INFO: Run Behavior\ParseTemplateBehavior [ RunTime:0.005001s ]
INFO: [ view_parse ] --END-- [ RunTime:0.005001s ]
INFO: [ view_filter ] --START--
INFO: Run Behavior\WriteHtmlCacheBehavior [ RunTime:0.000000s ]
INFO: [ view_filter ] --END-- [ RunTime:0.000000s ]
INFO: [ app_end ] --START--
INFO: Run Behavior\ShowPageTraceBehavior [ RunTime:0.001000s ]
INFO: [ app_end ] --END-- [ RunTime:0.001000s ]

[ 2017-10-21T10:46:17+08:00 ] 127.0.0.1 /login
INFO: [ app_init ] --START--
INFO: Run Behavior\BuildLiteBehavior [ RunTime:0.000000s ]
INFO: [ app_init ] --END-- [ RunTime:0.000000s ]
NOTIC: [8] Use of undefined constant Ture - assumed 'Ture' C:\Users\Administrator\Desktop\juxiaoba\Data\conf\config.php 第 4 行.
INFO: [ app_begin ] --START--
INFO: Run Behavior\ReadHtmlCacheBehavior [ RunTime:0.000000s ]
INFO: [ app_begin ] --END-- [ RunTime:0.000000s ]
ERR: 模板不存在:./Wap/Home/View/juxiaoba//Public/404.html

[ 2017-10-21T10:46:53+08:00 ] 127.0.0.1 /login
INFO: [ app_init ] --START--
INFO: Run Behavior\BuildLiteBehavior [ RunTime:0.000000s ]
INFO: [ app_init ] --END-- [ RunTime:0.000000s ]
NOTIC: [8] Use of undefined constant Ture - assumed 'Ture' C:\Users\Administrator\Desktop\juxiaoba\Data\conf\config.php 第 4 行.
INFO: [ app_begin ] --START--
INFO: Run Behavior\ReadHtmlCacheBehavior [ RunTime:0.000000s ]
INFO: [ app_begin ] --END-- [ RunTime:0.001000s ]
INFO: [ view_parse ] --START--
INFO: [ template_filter ] --START--
INFO: Run Behavior\ContentReplaceBehavior [ RunTime:0.000000s ]
INFO: [ template_filter ] --END-- [ RunTime:0.000000s ]
INFO: Run Behavior\ParseTemplateBehavior [ RunTime:0.005000s ]
INFO: [ view_parse ] --END-- [ RunTime:0.006001s ]
INFO: [ view_filter ] --START--
INFO: Run Behavior\WriteHtmlCacheBehavior [ RunTime:0.000000s ]
INFO: [ view_filter ] --END-- [ RunTime:0.000000s ]

[ 2017-10-21T10:47:35+08:00 ] 127.0.0.1 /login
INFO: [ app_init ] --START--
INFO: Run Behavior\BuildLiteBehavior [ RunTime:0.000000s ]
INFO: [ app_init ] --END-- [ RunTime:0.000000s ]
NOTIC: [8] Use of undefined constant Ture - assumed 'Ture' C:\Users\Administrator\Desktop\juxiaoba\Data\conf\config.php 第 4 行.
INFO: [ app_begin ] --START--
INFO: Run Behavior\ReadHtmlCacheBehavior [ RunTime:0.000000s ]
INFO: [ app_begin ] --END-- [ RunTime:0.000000s ]
INFO: [ view_parse ] --START--
INFO: [ template_filter ] --START--
INFO: Run Behavior\ContentReplaceBehavior [ RunTime:0.000000s ]
INFO: [ template_filter ] --END-- [ RunTime:0.000000s ]
INFO: Run Behavior\ParseTemplateBehavior [ RunTime:0.005000s ]
INFO: [ view_parse ] --END-- [ RunTime:0.005000s ]
INFO: [ view_filter ] --START--
INFO: Run Behavior\WriteHtmlCacheBehavior [ RunTime:0.001000s ]
INFO: [ view_filter ] --END-- [ RunTime:0.001000s ]

[ 2017-10-21T10:48:48+08:00 ] 127.0.0.1 /login
INFO: [ app_init ] --START--
INFO: Run Behavior\BuildLiteBehavior [ RunTime:0.000000s ]
INFO: [ app_init ] --END-- [ RunTime:0.000000s ]
NOTIC: [8] Use of undefined constant Ture - assumed 'Ture' C:\Users\Administrator\Desktop\juxiaoba\Data\conf\config.php 第 4 行.
INFO: [ app_begin ] --START--
INFO: Run Behavior\ReadHtmlCacheBehavior [ RunTime:0.001000s ]
INFO: [ app_begin ] --END-- [ RunTime:0.001000s ]
INFO: [ view_parse ] --START--
INFO: [ template_filter ] --START--
INFO: Run Behavior\ContentReplaceBehavior [ RunTime:0.000000s ]
INFO: [ template_filter ] --END-- [ RunTime:0.000000s ]
INFO: Run Behavior\ParseTemplateBehavior [ RunTime:0.006001s ]
INFO: [ view_parse ] --END-- [ RunTime:0.006001s ]
INFO: [ view_filter ] --START--
INFO: Run Behavior\WriteHtmlCacheBehavior [ RunTime:0.001000s ]
INFO: [ view_filter ] --END-- [ RunTime:0.001000s ]

[ 2017-10-21T10:48:49+08:00 ] 127.0.0.1 /Public/images/404.png
INFO: [ app_init ] --START--
INFO: Run Behavior\BuildLiteBehavior [ RunTime:0.000000s ]
INFO: [ app_init ] --END-- [ RunTime:0.000000s ]
NOTIC: [8] Use of undefined constant Ture - assumed 'Ture' C:\Users\Administrator\Desktop\juxiaoba\Data\conf\config.php 第 4 行.
INFO: [ app_begin ] --START--
INFO: Run Behavior\ReadHtmlCacheBehavior [ RunTime:0.001000s ]
INFO: [ app_begin ] --END-- [ RunTime:0.001000s ]
SQL: SHOW COLUMNS FROM `jxb_setting` [ RunTime:0.0070s ]
SQL: SELECT * FROM `jxb_setting`  [ RunTime:0.0010s ]
SQL: SHOW COLUMNS FROM `jxb_seo` [ RunTime:0.0040s ]
SQL: SELECT * FROM `jxb_seo`  [ RunTime:0.0010s ]
SQL: SHOW COLUMNS FROM `jxb_adv` [ RunTime:0.0050s ]
SQL: SELECT * FROM `jxb_adv`  [ RunTime:0.0000s ]
NOTIC: [8] Undefined index: code C:\Users\Administrator\Desktop\juxiaoba\Wap\Home\Controller\BaseController.class.php 第 57 行.
NOTIC: [8] Undefined index: code C:\Users\Administrator\Desktop\juxiaoba\Wap\Home\Controller\BaseController.class.php 第 57 行.
NOTIC: [8] Undefined index: code C:\Users\Administrator\Desktop\juxiaoba\Wap\Home\Controller\BaseController.class.php 第 57 行.
NOTIC: [8] Undefined index: code C:\Users\Administrator\Desktop\juxiaoba\Wap\Home\Controller\BaseController.class.php 第 57 行.
NOTIC: [8] Undefined index: code C:\Users\Administrator\Desktop\juxiaoba\Wap\Home\Controller\BaseController.class.php 第 57 行.
SQL: SHOW COLUMNS FROM `jxb_user` [ RunTime:0.0060s ]
SQL: SELECT * FROM `jxb_user` WHERE ( id=0 ) LIMIT 1   [ RunTime:0.0000s ]
ERR: 非法操作:index

[ 2017-10-21T10:49:01+08:00 ] 127.0.0.1 /login
INFO: [ app_init ] --START--
INFO: Run Behavior\BuildLiteBehavior [ RunTime:0.000000s ]
INFO: [ app_init ] --END-- [ RunTime:0.000000s ]
NOTIC: [8] Use of undefined constant Ture - assumed 'Ture' C:\Users\Administrator\Desktop\juxiaoba\Data\conf\config.php 第 4 行.
INFO: [ app_begin ] --START--
INFO: Run Behavior\ReadHtmlCacheBehavior [ RunTime:0.001000s ]
INFO: [ app_begin ] --END-- [ RunTime:0.001000s ]
INFO: [ view_parse ] --START--
INFO: [ template_filter ] --START--
INFO: Run Behavior\ContentReplaceBehavior [ RunTime:0.000000s ]
INFO: [ template_filter ] --END-- [ RunTime:0.000000s ]
INFO: Run Behavior\ParseTemplateBehavior [ RunTime:0.005000s ]
INFO: [ view_parse ] --END-- [ RunTime:0.005000s ]
INFO: [ view_filter ] --START--
INFO: Run Behavior\WriteHtmlCacheBehavior [ RunTime:0.001000s ]
INFO: [ view_filter ] --END-- [ RunTime:0.001000s ]

